[debug] [2026-05-10T13:46:03.035Z] ----------------------------------------------------------------------
[debug] [2026-05-10T13:46:03.037Z] Command:       C:\Program Files\nodejs\node.exe C:\Users\shasa\AppData\Roaming\npm\node_modules\firebase-tools\lib\bin\firebase.js deploy --only functions --debug
[debug] [2026-05-10T13:46:03.037Z] CLI Version:   15.17.0
[debug] [2026-05-10T13:46:03.037Z] Platform:      win32
[debug] [2026-05-10T13:46:03.037Z] Node Version:  v24.15.0
[debug] [2026-05-10T13:46:03.037Z] Time:          Sun May 10 2026 19:16:03 GMT+0530 (India Standard Time)
[debug] [2026-05-10T13:46:03.038Z] ----------------------------------------------------------------------
[debug] 
[debug] [2026-05-10T13:46:04.004Z] > command requires scopes: ["email","openid","https://www.googleapis.com/auth/cloudplatformprojects.readonly","https://www.googleapis.com/auth/firebase","https://www.googleapis.com/auth/cloud-platform"]
[debug] [2026-05-10T13:46:04.005Z] > authorizing via signed-in user (shasarita23@gmail.com)
[debug] [2026-05-10T13:46:04.006Z] [iam] checking project contextlens-backend-001 for permissions ["cloudfunctions.functions.create","cloudfunctions.functions.delete","cloudfunctions.functions.get","cloudfunctions.functions.list","cloudfunctions.functions.update","cloudfunctions.operations.get","firebase.projects.get"]
[debug] [2026-05-10T13:46:04.007Z] Checked if tokens are valid: true, expires at: 1778422817136
[debug] [2026-05-10T13:46:04.007Z] Checked if tokens are valid: true, expires at: 1778422817136
[debug] [2026-05-10T13:46:04.008Z] >>> [apiv2][query] POST https://cloudresourcemanager.googleapis.com/v1/projects/contextlens-backend-001:testIamPermissions [none]
[debug] [2026-05-10T13:46:04.009Z] >>> [apiv2][(partial)header] POST https://cloudresourcemanager.googleapis.com/v1/projects/contextlens-backend-001:testIamPermissions  x-goog-user-project=contextlens-backend-001
[debug] [2026-05-10T13:46:04.009Z] >>> [apiv2][body] POST https://cloudresourcemanager.googleapis.com/v1/projects/contextlens-backend-001:testIamPermissions {"permissions":["cloudfunctions.functions.create","cloudfunctions.functions.delete","cloudfunctions.functions.get","cloudfunctions.functions.list","cloudfunctions.functions.update","cloudfunctions.operations.get","firebase.projects.get"]}
[debug] [2026-05-10T13:46:06.252Z] <<< [apiv2][status] POST https://cloudresourcemanager.googleapis.com/v1/projects/contextlens-backend-001:testIamPermissions 200
[debug] [2026-05-10T13:46:06.253Z] <<< [apiv2][body] POST https://cloudresourcemanager.googleapis.com/v1/projects/contextlens-backend-001:testIamPermissions {"permissions":["cloudfunctions.functions.create","cloudfunctions.functions.delete","cloudfunctions.functions.get","cloudfunctions.functions.list","cloudfunctions.functions.update","cloudfunctions.operations.get","firebase.projects.get"]}
[debug] [2026-05-10T13:46:06.253Z] Checked if tokens are valid: true, expires at: 1778422817136
[debug] [2026-05-10T13:46:06.254Z] Checked if tokens are valid: true, expires at: 1778422817136
[debug] [2026-05-10T13:46:06.254Z] >>> [apiv2][query] POST https://iam.googleapis.com/v1/projects/contextlens-backend-001/serviceAccounts/contextlens-backend-001@appspot.gserviceaccount.com:testIamPermissions [none]
[debug] [2026-05-10T13:46:06.254Z] >>> [apiv2][body] POST https://iam.googleapis.com/v1/projects/contextlens-backend-001/serviceAccounts/contextlens-backend-001@appspot.gserviceaccount.com:testIamPermissions {"permissions":["iam.serviceAccounts.actAs"]}
[debug] [2026-05-10T13:46:08.033Z] <<< [apiv2][status] POST https://iam.googleapis.com/v1/projects/contextlens-backend-001/serviceAccounts/contextlens-backend-001@appspot.gserviceaccount.com:testIamPermissions 200
[debug] [2026-05-10T13:46:08.033Z] <<< [apiv2][body] POST https://iam.googleapis.com/v1/projects/contextlens-backend-001/serviceAccounts/contextlens-backend-001@appspot.gserviceaccount.com:testIamPermissions {"permissions":["iam.serviceAccounts.actAs"]}
[info] 
[info] === Deploying to 'contextlens-backend-001'...
[info] 
[info] i  deploying functions 
[debug] [2026-05-10T13:46:08.036Z] Checked if tokens are valid: true, expires at: 1778422817136
[debug] [2026-05-10T13:46:08.036Z] Checked if tokens are valid: true, expires at: 1778422817136
[debug] [2026-05-10T13:46:08.037Z] >>> [apiv2][query] GET https://cloudresourcemanager.googleapis.com/v1/projects/contextlens-backend-001 [none]
[debug] [2026-05-10T13:46:08.811Z] <<< [apiv2][status] GET https://cloudresourcemanager.googleapis.com/v1/projects/contextlens-backend-001 200
[debug] [2026-05-10T13:46:08.811Z] <<< [apiv2][body] GET https://cloudresourcemanager.googleapis.com/v1/projects/contextlens-backend-001 {"projectNumber":"56120062930","projectId":"contextlens-backend-001","lifecycleState":"ACTIVE","name":"ContextLens Backend","labels":{"firebase":"enabled","firebase-core":"disabled"},"createTime":"2026-05-10T13:32:42.620Z"}
[info] i  functions: preparing codebase default for deployment 
[info] i  functions: ensuring required API cloudfunctions.googleapis.com is enabled... 
[info] i  functions: ensuring required API cloudbuild.googleapis.com is enabled... 
[info] i  artifactregistry: ensuring required API artifactregistry.googleapis.com is enabled... 
[debug] [2026-05-10T13:46:08.814Z] Checked if tokens are valid: true, expires at: 1778422817136
[debug] [2026-05-10T13:46:08.814Z] Checked if tokens are valid: true, expires at: 1778422817136
[debug] [2026-05-10T13:46:08.814Z] >>> [apiv2][query] GET https://firebase.googleapis.com/v1beta1/projects/contextlens-backend-001/adminSdkConfig [none]
[debug] [2026-05-10T13:46:11.270Z] <<< [apiv2][status] GET https://firebase.googleapis.com/v1beta1/projects/contextlens-backend-001/adminSdkConfig 200
[debug] [2026-05-10T13:46:11.270Z] <<< [apiv2][body] GET https://firebase.googleapis.com/v1beta1/projects/contextlens-backend-001/adminSdkConfig {"projectId":"contextlens-backend-001","storageBucket":"contextlens-backend-001.firebasestorage.app"}
[debug] [2026-05-10T13:46:11.271Z] Checked if tokens are valid: true, expires at: 1778422817136
[debug] [2026-05-10T13:46:11.271Z] Checked if tokens are valid: true, expires at: 1778422817136
[debug] [2026-05-10T13:46:11.271Z] >>> [apiv2][query] GET https://runtimeconfig.googleapis.com/v1beta1/projects/contextlens-backend-001/configs [none]
[debug] [2026-05-10T13:46:13.010Z] <<< [apiv2][status] GET https://runtimeconfig.googleapis.com/v1beta1/projects/contextlens-backend-001/configs 200
[debug] [2026-05-10T13:46:13.010Z] <<< [apiv2][body] GET https://runtimeconfig.googleapis.com/v1beta1/projects/contextlens-backend-001/configs {}
[debug] [2026-05-10T13:46:13.012Z] Validating nodejs source
[error] 
[error] Error: Runtime Node.js 18 was decommissioned on 2025-10-30. To deploy you must first upgrade your runtime version.
[debug] [2026-05-10T13:48:53.880Z] ----------------------------------------------------------------------
[debug] [2026-05-10T13:48:53.882Z] Command:       C:\Program Files\nodejs\node.exe C:\Users\shasa\AppData\Roaming\npm\node_modules\firebase-tools\lib\bin\firebase.js deploy --only functions --debug
[debug] [2026-05-10T13:48:53.882Z] CLI Version:   15.17.0
[debug] [2026-05-10T13:48:53.883Z] Platform:      win32
[debug] [2026-05-10T13:48:53.883Z] Node Version:  v24.15.0
[debug] [2026-05-10T13:48:53.883Z] Time:          Sun May 10 2026 19:18:53 GMT+0530 (India Standard Time)
[debug] [2026-05-10T13:48:53.883Z] ----------------------------------------------------------------------
[debug] 
[debug] [2026-05-10T13:48:54.880Z] > command requires scopes: ["email","openid","https://www.googleapis.com/auth/cloudplatformprojects.readonly","https://www.googleapis.com/auth/firebase","https://www.googleapis.com/auth/cloud-platform"]
[debug] [2026-05-10T13:48:54.881Z] > authorizing via signed-in user (shasarita23@gmail.com)
[debug] [2026-05-10T13:48:54.881Z] [iam] checking project contextlens-backend-001 for permissions ["cloudfunctions.functions.create","cloudfunctions.functions.delete","cloudfunctions.functions.get","cloudfunctions.functions.list","cloudfunctions.functions.update","cloudfunctions.operations.get","firebase.projects.get"]
[debug] [2026-05-10T13:48:54.882Z] Checked if tokens are valid: true, expires at: 1778422817136
[debug] [2026-05-10T13:48:54.883Z] Checked if tokens are valid: true, expires at: 1778422817136
[debug] [2026-05-10T13:48:54.883Z] >>> [apiv2][query] POST https://cloudresourcemanager.googleapis.com/v1/projects/contextlens-backend-001:testIamPermissions [none]
[debug] [2026-05-10T13:48:54.884Z] >>> [apiv2][(partial)header] POST https://cloudresourcemanager.googleapis.com/v1/projects/contextlens-backend-001:testIamPermissions  x-goog-user-project=contextlens-backend-001
[debug] [2026-05-10T13:48:54.884Z] >>> [apiv2][body] POST https://cloudresourcemanager.googleapis.com/v1/projects/contextlens-backend-001:testIamPermissions {"permissions":["cloudfunctions.functions.create","cloudfunctions.functions.delete","cloudfunctions.functions.get","cloudfunctions.functions.list","cloudfunctions.functions.update","cloudfunctions.operations.get","firebase.projects.get"]}
[debug] [2026-05-10T13:48:56.336Z] <<< [apiv2][status] POST https://cloudresourcemanager.googleapis.com/v1/projects/contextlens-backend-001:testIamPermissions 200
[debug] [2026-05-10T13:48:56.336Z] <<< [apiv2][body] POST https://cloudresourcemanager.googleapis.com/v1/projects/contextlens-backend-001:testIamPermissions {"permissions":["cloudfunctions.functions.create","cloudfunctions.functions.delete","cloudfunctions.functions.get","cloudfunctions.functions.list","cloudfunctions.functions.update","cloudfunctions.operations.get","firebase.projects.get"]}
[debug] [2026-05-10T13:48:56.337Z] Checked if tokens are valid: true, expires at: 1778422817136
[debug] [2026-05-10T13:48:56.337Z] Checked if tokens are valid: true, expires at: 1778422817136
[debug] [2026-05-10T13:48:56.337Z] >>> [apiv2][query] POST https://iam.googleapis.com/v1/projects/contextlens-backend-001/serviceAccounts/contextlens-backend-001@appspot.gserviceaccount.com:testIamPermissions [none]
[debug] [2026-05-10T13:48:56.338Z] >>> [apiv2][body] POST https://iam.googleapis.com/v1/projects/contextlens-backend-001/serviceAccounts/contextlens-backend-001@appspot.gserviceaccount.com:testIamPermissions {"permissions":["iam.serviceAccounts.actAs"]}
[debug] [2026-05-10T13:48:57.631Z] <<< [apiv2][status] POST https://iam.googleapis.com/v1/projects/contextlens-backend-001/serviceAccounts/contextlens-backend-001@appspot.gserviceaccount.com:testIamPermissions 200
[debug] [2026-05-10T13:48:57.632Z] <<< [apiv2][body] POST https://iam.googleapis.com/v1/projects/contextlens-backend-001/serviceAccounts/contextlens-backend-001@appspot.gserviceaccount.com:testIamPermissions {"permissions":["iam.serviceAccounts.actAs"]}
[info] 
[info] === Deploying to 'contextlens-backend-001'...
[info] 
[info] i  deploying functions 
[debug] [2026-05-10T13:48:57.635Z] Checked if tokens are valid: true, expires at: 1778422817136
[debug] [2026-05-10T13:48:57.636Z] Checked if tokens are valid: true, expires at: 1778422817136
[debug] [2026-05-10T13:48:57.636Z] >>> [apiv2][query] GET https://cloudresourcemanager.googleapis.com/v1/projects/contextlens-backend-001 [none]
[debug] [2026-05-10T13:48:58.253Z] <<< [apiv2][status] GET https://cloudresourcemanager.googleapis.com/v1/projects/contextlens-backend-001 200
[debug] [2026-05-10T13:48:58.253Z] <<< [apiv2][body] GET https://cloudresourcemanager.googleapis.com/v1/projects/contextlens-backend-001 {"projectNumber":"56120062930","projectId":"contextlens-backend-001","lifecycleState":"ACTIVE","name":"ContextLens Backend","labels":{"firebase":"enabled","firebase-core":"disabled"},"createTime":"2026-05-10T13:32:42.620Z"}
[info] i  functions: preparing codebase default for deployment 
[info] i  functions: ensuring required API cloudfunctions.googleapis.com is enabled... 
[info] i  functions: ensuring required API cloudbuild.googleapis.com is enabled... 
[info] i  artifactregistry: ensuring required API artifactregistry.googleapis.com is enabled... 
[debug] [2026-05-10T13:48:58.256Z] Checked if tokens are valid: true, expires at: 1778422817136
[debug] [2026-05-10T13:48:58.256Z] Checked if tokens are valid: true, expires at: 1778422817136
[debug] [2026-05-10T13:48:58.257Z] >>> [apiv2][query] GET https://firebase.googleapis.com/v1beta1/projects/contextlens-backend-001/adminSdkConfig [none]
[debug] [2026-05-10T13:48:59.680Z] <<< [apiv2][status] GET https://firebase.googleapis.com/v1beta1/projects/contextlens-backend-001/adminSdkConfig 200
[debug] [2026-05-10T13:48:59.681Z] <<< [apiv2][body] GET https://firebase.googleapis.com/v1beta1/projects/contextlens-backend-001/adminSdkConfig {"projectId":"contextlens-backend-001","storageBucket":"contextlens-backend-001.firebasestorage.app"}
[debug] [2026-05-10T13:48:59.681Z] Checked if tokens are valid: true, expires at: 1778422817136
[debug] [2026-05-10T13:48:59.682Z] Checked if tokens are valid: true, expires at: 1778422817136
[debug] [2026-05-10T13:48:59.682Z] >>> [apiv2][query] GET https://runtimeconfig.googleapis.com/v1beta1/projects/contextlens-backend-001/configs [none]
[debug] [2026-05-10T13:49:01.377Z] <<< [apiv2][status] GET https://runtimeconfig.googleapis.com/v1beta1/projects/contextlens-backend-001/configs 200
[debug] [2026-05-10T13:49:01.377Z] <<< [apiv2][body] GET https://runtimeconfig.googleapis.com/v1beta1/projects/contextlens-backend-001/configs {}
[debug] [2026-05-10T13:49:01.379Z] Validating nodejs source
[warn] !  functions: Runtime Node.js 20 was deprecated on 2026-04-30 and will be decommissioned on 2026-10-30, after which you will not be able to deploy without upgrading. Consider upgrading now to avoid disruption. See https://cloud.google.com/functions/docs/runtime-support for full details on the lifecycle policy 
[debug] [2026-05-10T13:49:03.091Z] > [functions] package.json contents: {
  "name": "contextlens-backend",
  "version": "0.1.0",
  "private": true,
  "main": "src/index.js",
  "engines": {
    "node": "20"
  },
  "scripts": {
    "start": "node src/index.js",
    "dev": "nodemon src/index.js"
  },
  "dependencies": {
    "@google-cloud/vertexai": "^1.12.0",
    "body-parser": "^2.2.2",
    "express": "^5.2.1",
    "firebase-admin": "^13.9.0",
    "firebase-functions": "^7.2.5",
    "morgan": "^1.10.1"
  },
  "devDependencies": {
    "nodemon": "^3.1.14"
  }
}
[debug] [2026-05-10T13:49:03.091Z] Building nodejs source
[info] i  functions: Loading and analyzing source code for codebase default to determine what to deploy 
[debug] [2026-05-10T13:49:03.093Z] Could not find functions.yaml. Must use http discovery
[debug] [2026-05-10T13:49:03.103Z] Found firebase-functions binary at 'C:\Users\shasa\Projects\ContextLens\node_modules\.bin\firebase-functions'
[info] Serving at port 8596

[debug] [2026-05-10T13:49:03.686Z] Got response from /__/functions.yaml {"endpoints":{"api":{"availableMemoryMb":null,"timeoutSeconds":null,"minInstances":null,"maxInstances":null,"ingressSettings":null,"concurrency":null,"serviceAccountEmail":null,"vpc":null,"platform":"gcfv2","labels":{},"httpsTrigger":{},"entryPoint":"api"}},"specVersion":"v1alpha1","requiredAPIs":[],"extensions":{}}
[info] i  extensions: ensuring required API firebaseextensions.googleapis.com is enabled... 
[debug] [2026-05-10T13:49:07.715Z] > command requires scopes: ["email","openid","https://www.googleapis.com/auth/cloudplatformprojects.readonly","https://www.googleapis.com/auth/firebase","https://www.googleapis.com/auth/cloud-platform"]
[debug] [2026-05-10T13:49:07.715Z] > authorizing via signed-in user (shasarita23@gmail.com)
[debug] [2026-05-10T13:49:07.715Z] [iam] checking project contextlens-backend-001 for permissions ["firebase.projects.get","firebaseextensions.instances.list"]
[debug] [2026-05-10T13:49:07.715Z] Checked if tokens are valid: true, expires at: 1778422817136
[debug] [2026-05-10T13:49:07.715Z] Checked if tokens are valid: true, expires at: 1778422817136
[debug] [2026-05-10T13:49:07.716Z] >>> [apiv2][query] POST https://cloudresourcemanager.googleapis.com/v1/projects/contextlens-backend-001:testIamPermissions [none]
[debug] [2026-05-10T13:49:07.716Z] >>> [apiv2][(partial)header] POST https://cloudresourcemanager.googleapis.com/v1/projects/contextlens-backend-001:testIamPermissions  x-goog-user-project=contextlens-backend-001
[debug] [2026-05-10T13:49:07.716Z] >>> [apiv2][body] POST https://cloudresourcemanager.googleapis.com/v1/projects/contextlens-backend-001:testIamPermissions {"permissions":["firebase.projects.get","firebaseextensions.instances.list"]}
[debug] [2026-05-10T13:49:09.871Z] <<< [apiv2][status] POST https://cloudresourcemanager.googleapis.com/v1/projects/contextlens-backend-001:testIamPermissions 200
[debug] [2026-05-10T13:49:09.872Z] <<< [apiv2][body] POST https://cloudresourcemanager.googleapis.com/v1/projects/contextlens-backend-001:testIamPermissions {"permissions":["firebase.projects.get","firebaseextensions.instances.list"]}
[debug] [2026-05-10T13:49:09.872Z] Checked if tokens are valid: true, expires at: 1778422817136
[debug] [2026-05-10T13:49:09.872Z] Checked if tokens are valid: true, expires at: 1778422817136
[debug] [2026-05-10T13:49:09.872Z] >>> [apiv2][query] GET https://firebaseextensions.googleapis.com/v1beta/projects/contextlens-backend-001/instances pageSize=100&pageToken=
[debug] [2026-05-10T13:49:13.241Z] <<< [apiv2][status] GET https://firebaseextensions.googleapis.com/v1beta/projects/contextlens-backend-001/instances 200
[debug] [2026-05-10T13:49:13.241Z] <<< [apiv2][body] GET https://firebaseextensions.googleapis.com/v1beta/projects/contextlens-backend-001/instances {}
[info] i  functions: preparing . directory for uploading... 
[info] i  functions: packaged C:\Users\shasa\Projects\ContextLens (55.32 KB) for uploading 
[debug] [2026-05-10T13:49:13.289Z] Checked if tokens are valid: true, expires at: 1778422817136
[debug] [2026-05-10T13:49:13.290Z] Checked if tokens are valid: true, expires at: 1778422817136
[debug] [2026-05-10T13:49:13.290Z] >>> [apiv2][query] GET https://cloudfunctions.googleapis.com/v1/projects/contextlens-backend-001/locations/-/functions [none]
[debug] [2026-05-10T13:49:14.867Z] <<< [apiv2][status] GET https://cloudfunctions.googleapis.com/v1/projects/contextlens-backend-001/locations/-/functions 200
[debug] [2026-05-10T13:49:14.867Z] <<< [apiv2][body] GET https://cloudfunctions.googleapis.com/v1/projects/contextlens-backend-001/locations/-/functions {}
[debug] [2026-05-10T13:49:14.868Z] Checked if tokens are valid: true, expires at: 1778422817136
[debug] [2026-05-10T13:49:14.868Z] Checked if tokens are valid: true, expires at: 1778422817136
[debug] [2026-05-10T13:49:14.868Z] >>> [apiv2][query] GET https://cloudfunctions.googleapis.com/v2/projects/contextlens-backend-001/locations/-/functions filter=environment%3D%22GEN_2%22
[debug] [2026-05-10T13:49:16.005Z] <<< [apiv2][status] GET https://cloudfunctions.googleapis.com/v2/projects/contextlens-backend-001/locations/-/functions 200
[debug] [2026-05-10T13:49:16.005Z] <<< [apiv2][body] GET https://cloudfunctions.googleapis.com/v2/projects/contextlens-backend-001/locations/-/functions {"functions":[{"name":"projects/contextlens-backend-001/locations/us-central1/functions/api","buildConfig":{"build":"projects/56120062930/locations/us-central1/builds/8c7f16ea-6ed8-4462-af9d-b3f457dc1732","runtime":"nodejs20","entryPoint":"api","source":{"storageSource":{"bucket":"gcf-v2-sources-56120062930-us-central1","object":"api/function-source.zip","generation":"1778420859523089"}},"environmentVariables":{"GOOGLE_NODE_RUN_SCRIPTS":""},"dockerRepository":"projects/contextlens-backend-001/locations/us-central1/repositories/gcf-artifacts","sourceProvenance":{"resolvedStorageSource":{"bucket":"gcf-v2-sources-56120062930-us-central1","object":"api/function-source.zip","generation":"1778420859523089"}},"dockerRegistry":"ARTIFACT_REGISTRY","serviceAccount":"projects/contextlens-backend-001/serviceAccounts/56120062930-compute@developer.gserviceaccount.com","automaticUpdatePolicy":{}},"state":"FAILED","updateTime":"2026-05-10T13:48:22.722771878Z","labels":{"deployment-tool":"cli-firebase","firebase-functions-hash":"c8126fb3f5bb9b68236ce8bd620148f580ee411c"},"stateMessages":[{"severity":"ERROR","type":"CloudRunServiceNotFound","message":"Cloud Run service projects/contextlens-backend-001/locations/us-central1/services/api for the function was not found. The function will not work correctly. Please redeploy."}],"environment":"GEN_2","url":"https://us-central1-contextlens-backend-001.cloudfunctions.net/api","createTime":"2026-05-10T13:47:39.915632971Z","satisfiesPzi":true}]}
[info] i  functions: ensuring required API run.googleapis.com is enabled... 
[info] i  functions: ensuring required API eventarc.googleapis.com is enabled... 
[info] i  functions: ensuring required API pubsub.googleapis.com is enabled... 
[info] i  functions: ensuring required API storage.googleapis.com is enabled... 
[info] i  functions: generating the service identity for pubsub.googleapis.com... 
[debug] [2026-05-10T13:49:16.010Z] Checked if tokens are valid: true, expires at: 1778422817136
[debug] [2026-05-10T13:49:16.010Z] Checked if tokens are valid: true, expires at: 1778422817136
[info] i  functions: generating the service identity for eventarc.googleapis.com... 
[debug] [2026-05-10T13:49:16.010Z] Checked if tokens are valid: true, expires at: 1778422817136
[debug] [2026-05-10T13:49:16.011Z] Checked if tokens are valid: true, expires at: 1778422817136
[debug] [2026-05-10T13:49:16.011Z] >>> [apiv2][query] POST https://serviceusage.googleapis.com/v1beta1/projects/56120062930/services/pubsub.googleapis.com:generateServiceIdentity [none]
[debug] [2026-05-10T13:49:16.011Z] >>> [apiv2][(partial)header] POST https://serviceusage.googleapis.com/v1beta1/projects/56120062930/services/pubsub.googleapis.com:generateServiceIdentity  x-goog-user-project=56120062930
[debug] [2026-05-10T13:49:16.011Z] >>> [apiv2][body] POST https://serviceusage.googleapis.com/v1beta1/projects/56120062930/services/pubsub.googleapis.com:generateServiceIdentity {}
[debug] [2026-05-10T13:49:16.013Z] >>> [apiv2][query] POST https://serviceusage.googleapis.com/v1beta1/projects/56120062930/services/eventarc.googleapis.com:generateServiceIdentity [none]
[debug] [2026-05-10T13:49:16.013Z] >>> [apiv2][(partial)header] POST https://serviceusage.googleapis.com/v1beta1/projects/56120062930/services/eventarc.googleapis.com:generateServiceIdentity  x-goog-user-project=56120062930
[debug] [2026-05-10T13:49:16.013Z] >>> [apiv2][body] POST https://serviceusage.googleapis.com/v1beta1/projects/56120062930/services/eventarc.googleapis.com:generateServiceIdentity {}
[debug] [2026-05-10T13:49:18.118Z] <<< [apiv2][status] POST https://serviceusage.googleapis.com/v1beta1/projects/56120062930/services/pubsub.googleapis.com:generateServiceIdentity 200
[debug] [2026-05-10T13:49:18.119Z] <<< [apiv2][body] POST https://serviceusage.googleapis.com/v1beta1/projects/56120062930/services/pubsub.googleapis.com:generateServiceIdentity {"name":"operations/finished.DONE_OPERATION","done":true,"response":{"@type":"type.googleapis.com/google.api.serviceusage.v1beta1.ServiceIdentity","email":"service-56120062930@gcp-sa-pubsub.iam.gserviceaccount.com","uniqueId":"106592200397681368397"}}
[debug] [2026-05-10T13:49:18.974Z] <<< [apiv2][status] POST https://serviceusage.googleapis.com/v1beta1/projects/56120062930/services/eventarc.googleapis.com:generateServiceIdentity 200
[debug] [2026-05-10T13:49:18.975Z] <<< [apiv2][body] POST https://serviceusage.googleapis.com/v1beta1/projects/56120062930/services/eventarc.googleapis.com:generateServiceIdentity {"name":"operations/finished.DONE_OPERATION","done":true,"response":{"@type":"type.googleapis.com/google.api.serviceusage.v1beta1.ServiceIdentity","email":"service-56120062930@gcp-sa-eventarc.iam.gserviceaccount.com","uniqueId":"103809570414406420067"}}
[debug] [2026-05-10T13:49:18.977Z] Checked if tokens are valid: true, expires at: 1778422817136
[debug] [2026-05-10T13:49:18.977Z] Checked if tokens are valid: true, expires at: 1778422817136
[debug] [2026-05-10T13:49:18.977Z] >>> [apiv2][query] GET https://cloudresourcemanager.googleapis.com/v1/projects/contextlens-backend-001 [none]
[debug] [2026-05-10T13:49:20.513Z] <<< [apiv2][status] GET https://cloudresourcemanager.googleapis.com/v1/projects/contextlens-backend-001 200
[debug] [2026-05-10T13:49:20.513Z] <<< [apiv2][body] GET https://cloudresourcemanager.googleapis.com/v1/projects/contextlens-backend-001 {"projectNumber":"56120062930","projectId":"contextlens-backend-001","lifecycleState":"ACTIVE","name":"ContextLens Backend","labels":{"firebase":"enabled","firebase-core":"disabled"},"createTime":"2026-05-10T13:32:42.620Z"}
[debug] [2026-05-10T13:49:20.513Z] Checked if tokens are valid: true, expires at: 1778422817136
[debug] [2026-05-10T13:49:20.514Z] Checked if tokens are valid: true, expires at: 1778422817136
[debug] [2026-05-10T13:49:20.514Z] >>> [apiv2][query] GET https://compute.googleapis.com/compute/v1/projects/56120062930 [none]
[debug] [2026-05-10T13:49:21.955Z] <<< [apiv2][status] GET https://compute.googleapis.com/compute/v1/projects/56120062930 403
[debug] [2026-05-10T13:49:21.955Z] <<< [apiv2][body] GET https://compute.googleapis.com/compute/v1/projects/56120062930 {"error":{"code":403,"message":"Compute Engine API has not been used in project 56120062930 before or it is disabled. Enable it by visiting https://console.developers.google.com/apis/api/compute.googleapis.com/overview?project=56120062930 then retry. If you enabled this API recently, wait a few minutes for the action to propagate to our systems and retry.","errors":[{"message":"Compute Engine API has not been used in project 56120062930 before or it is disabled. Enable it by visiting https://console.developers.google.com/apis/api/compute.googleapis.com/overview?project=56120062930 then retry. If you enabled this API recently, wait a few minutes for the action to propagate to our systems and retry.","domain":"usageLimits","reason":"accessNotConfigured","extendedHelp":"https://console.developers.google.com"}],"status":"PERMISSION_DENIED","details":[{"@type":"type.googleapis.com/google.rpc.ErrorInfo","reason":"SERVICE_DISABLED","domain":"googleapis.com","metadata":{"serviceTitle":"Compute Engine API","consumer":"projects/56120062930","containerInfo":"56120062930","service":"compute.googleapis.com","activationUrl":"https://console.developers.google.com/apis/api/compute.googleapis.com/overview?project=56120062930"}},{"@type":"type.googleapis.com/google.rpc.LocalizedMessage","locale":"en-US","message":"Compute Engine API has not been used in project 56120062930 before or it is disabled. Enable it by visiting https://console.developers.google.com/apis/api/compute.googleapis.com/overview?project=56120062930 then retry. If you enabled this API recently, wait a few minutes for the action to propagate to our systems and retry."},{"@type":"type.googleapis.com/google.rpc.Help","links":[{"description":"Google developers console API activation","url":"https://console.developers.google.com/apis/api/compute.googleapis.com/overview?project=56120062930"}]}]}}
[debug] [2026-05-10T13:49:21.956Z] unable to look up default compute service account. Falling back to 56120062930-compute@developer.gserviceaccount.com. Error: {"name":"FirebaseError","children":[],"context":{"body":{"error":{"code":403,"message":"Compute Engine API has not been used in project 56120062930 before or it is disabled. Enable it by visiting https://console.developers.google.com/apis/api/compute.googleapis.com/overview?project=56120062930 then retry. If you enabled this API recently, wait a few minutes for the action to propagate to our systems and retry.","errors":[{"message":"Compute Engine API has not been used in project 56120062930 before or it is disabled. Enable it by visiting https://console.developers.google.com/apis/api/compute.googleapis.com/overview?project=56120062930 then retry. If you enabled this API recently, wait a few minutes for the action to propagate to our systems and retry.","domain":"usageLimits","reason":"accessNotConfigured","extendedHelp":"https://console.developers.google.com"}],"status":"PERMISSION_DENIED","details":[{"@type":"type.googleapis.com/google.rpc.ErrorInfo","reason":"SERVICE_DISABLED","domain":"googleapis.com","metadata":{"serviceTitle":"Compute Engine API","consumer":"projects/56120062930","containerInfo":"56120062930","service":"compute.googleapis.com","activationUrl":"https://console.developers.google.com/apis/api/compute.googleapis.com/overview?project=56120062930"}},{"@type":"type.googleapis.com/google.rpc.LocalizedMessage","locale":"en-US","message":"Compute Engine API has not been used in project 56120062930 before or it is disabled. Enable it by visiting https://console.developers.google.com/apis/api/compute.googleapis.com/overview?project=56120062930 then retry. If you enabled this API recently, wait a few minutes for the action to propagate to our systems and retry."},{"@type":"type.googleapis.com/google.rpc.Help","links":[{"description":"Google developers console API activation","url":"https://console.developers.google.com/apis/api/compute.googleapis.com/overview?project=56120062930"}]}]}},"response":{"statusCode":403}},"exit":1,"message":"Request to https://compute.googleapis.com/compute/v1/projects/56120062930 had HTTP Error: 403, Compute Engine API has not been used in project 56120062930 before or it is disabled. Enable it by visiting https://console.developers.google.com/apis/api/compute.googleapis.com/overview?project=56120062930 then retry. If you enabled this API recently, wait a few minutes for the action to propagate to our systems and retry.","status":403}
[debug] [2026-05-10T13:49:21.957Z] Checked if tokens are valid: true, expires at: 1778422817136
[debug] [2026-05-10T13:49:21.957Z] Checked if tokens are valid: true, expires at: 1778422817136
[debug] [2026-05-10T13:49:21.957Z] >>> [apiv2][query] GET https://compute.googleapis.com/compute/v1/projects/56120062930 [none]
[debug] [2026-05-10T13:49:22.961Z] <<< [apiv2][status] GET https://compute.googleapis.com/compute/v1/projects/56120062930 403
[debug] [2026-05-10T13:49:22.961Z] <<< [apiv2][body] GET https://compute.googleapis.com/compute/v1/projects/56120062930 {"error":{"code":403,"message":"Compute Engine API has not been used in project 56120062930 before or it is disabled. Enable it by visiting https://console.developers.google.com/apis/api/compute.googleapis.com/overview?project=56120062930 then retry. If you enabled this API recently, wait a few minutes for the action to propagate to our systems and retry.","errors":[{"message":"Compute Engine API has not been used in project 56120062930 before or it is disabled. Enable it by visiting https://console.developers.google.com/apis/api/compute.googleapis.com/overview?project=56120062930 then retry. If you enabled this API recently, wait a few minutes for the action to propagate to our systems and retry.","domain":"usageLimits","reason":"accessNotConfigured","extendedHelp":"https://console.developers.google.com"}],"status":"PERMISSION_DENIED","details":[{"@type":"type.googleapis.com/google.rpc.ErrorInfo","reason":"SERVICE_DISABLED","domain":"googleapis.com","metadata":{"serviceTitle":"Compute Engine API","consumer":"projects/56120062930","containerInfo":"56120062930","activationUrl":"https://console.developers.google.com/apis/api/compute.googleapis.com/overview?project=56120062930","service":"compute.googleapis.com"}},{"@type":"type.googleapis.com/google.rpc.LocalizedMessage","locale":"en-US","message":"Compute Engine API has not been used in project 56120062930 before or it is disabled. Enable it by visiting https://console.developers.google.com/apis/api/compute.googleapis.com/overview?project=56120062930 then retry. If you enabled this API recently, wait a few minutes for the action to propagate to our systems and retry."},{"@type":"type.googleapis.com/google.rpc.Help","links":[{"description":"Google developers console API activation","url":"https://console.developers.google.com/apis/api/compute.googleapis.com/overview?project=56120062930"}]}]}}
[debug] [2026-05-10T13:49:22.962Z] unable to look up default compute service account. Falling back to 56120062930-compute@developer.gserviceaccount.com. Error: {"name":"FirebaseError","children":[],"context":{"body":{"error":{"code":403,"message":"Compute Engine API has not been used in project 56120062930 before or it is disabled. Enable it by visiting https://console.developers.google.com/apis/api/compute.googleapis.com/overview?project=56120062930 then retry. If you enabled this API recently, wait a few minutes for the action to propagate to our systems and retry.","errors":[{"message":"Compute Engine API has not been used in project 56120062930 before or it is disabled. Enable it by visiting https://console.developers.google.com/apis/api/compute.googleapis.com/overview?project=56120062930 then retry. If you enabled this API recently, wait a few minutes for the action to propagate to our systems and retry.","domain":"usageLimits","reason":"accessNotConfigured","extendedHelp":"https://console.developers.google.com"}],"status":"PERMISSION_DENIED","details":[{"@type":"type.googleapis.com/google.rpc.ErrorInfo","reason":"SERVICE_DISABLED","domain":"googleapis.com","metadata":{"serviceTitle":"Compute Engine API","consumer":"projects/56120062930","containerInfo":"56120062930","activationUrl":"https://console.developers.google.com/apis/api/compute.googleapis.com/overview?project=56120062930","service":"compute.googleapis.com"}},{"@type":"type.googleapis.com/google.rpc.LocalizedMessage","locale":"en-US","message":"Compute Engine API has not been used in project 56120062930 before or it is disabled. Enable it by visiting https://console.developers.google.com/apis/api/compute.googleapis.com/overview?project=56120062930 then retry. If you enabled this API recently, wait a few minutes for the action to propagate to our systems and retry."},{"@type":"type.googleapis.com/google.rpc.Help","links":[{"description":"Google developers console API activation","url":"https://console.developers.google.com/apis/api/compute.googleapis.com/overview?project=56120062930"}]}]}},"response":{"statusCode":403}},"exit":1,"message":"Request to https://compute.googleapis.com/compute/v1/projects/56120062930 had HTTP Error: 403, Compute Engine API has not been used in project 56120062930 before or it is disabled. Enable it by visiting https://console.developers.google.com/apis/api/compute.googleapis.com/overview?project=56120062930 then retry. If you enabled this API recently, wait a few minutes for the action to propagate to our systems and retry.","status":403}
[debug] [2026-05-10T13:49:22.963Z] Checked if tokens are valid: true, expires at: 1778422817136
[debug] [2026-05-10T13:49:22.963Z] Checked if tokens are valid: true, expires at: 1778422817136
[debug] [2026-05-10T13:49:22.963Z] >>> [apiv2][query] GET https://cloudbilling.googleapis.com/v1/projects/contextlens-backend-001/billingInfo [none]
[debug] [2026-05-10T13:49:24.402Z] <<< [apiv2][status] GET https://cloudbilling.googleapis.com/v1/projects/contextlens-backend-001/billingInfo 200
[debug] [2026-05-10T13:49:24.402Z] <<< [apiv2][body] GET https://cloudbilling.googleapis.com/v1/projects/contextlens-backend-001/billingInfo {"name":"projects/contextlens-backend-001/billingInfo","projectId":"contextlens-backend-001","billingAccountName":"billingAccounts/01B963-2EC7E2-4929AF","billingEnabled":true}
[debug] [2026-05-10T13:49:24.404Z] Checked if tokens are valid: true, expires at: 1778422817136
[debug] [2026-05-10T13:49:24.404Z] Checked if tokens are valid: true, expires at: 1778422817136
[debug] [2026-05-10T13:49:24.404Z] >>> [apiv2][query] POST https://cloudfunctions.googleapis.com/v2/projects/contextlens-backend-001/locations/us-central1/functions:generateUploadUrl [none]
[debug] [2026-05-10T13:49:25.537Z] <<< [apiv2][status] POST https://cloudfunctions.googleapis.com/v2/projects/contextlens-backend-001/locations/us-central1/functions:generateUploadUrl 200
[debug] [2026-05-10T13:49:25.538Z] <<< [apiv2][body] POST https://cloudfunctions.googleapis.com/v2/projects/contextlens-backend-001/locations/us-central1/functions:generateUploadUrl {"uploadUrl":"https://storage.googleapis.com/gcf-v2-uploads-56120062930.us-central1.cloudfunctions.appspot.com/6ac553b4-d689-45b5-9354-97524822dbfe.zip?GoogleAccessId=service-56120062930@gcf-admin-robot.iam.gserviceaccount.com&Expires=1778422764&Signature=wKW4Co0CouLYcyObLtfOLOGYFJ%2F2HkJhIienl%2F5K%2FhryzPDm6GcbEzikDI3OYRKun%2Fc0wHCCUjneORafHsHLJskLhukojbqLV0%2B6VIPVfrfM0lhanZIfgdcfSTrUE6k7F3wl5Z5kQgiUxIQWZbSc0zaOKPexIZv%2F8OIPzmOrmLSWJRkAs0SjjZ7NHr%2Bq16%2BZFgINVMeqyKJEzotcvuTrnP5T%2BIAf9%2BGdylwdxeOsruvH1mO9YmrVtUipIqNORA%2BEsyW7GDgiYB%2FY6yUMhpMB%2Fv5ac5csFWLbBuTdhIr8Lg09yLhPbseQlLQSf0nT%2BjH%2Bzcfz6VMYNi0%2BTdDnDU7nyw%3D%3D","storageSource":{"bucket":"gcf-v2-uploads-56120062930.us-central1.cloudfunctions.appspot.com","object":"6ac553b4-d689-45b5-9354-97524822dbfe.zip"}}
[debug] [2026-05-10T13:49:25.538Z] >>> [apiv2][query] PUT https://storage.googleapis.com/gcf-v2-uploads-56120062930.us-central1.cloudfunctions.appspot.com/6ac553b4-d689-45b5-9354-97524822dbfe.zip GoogleAccessId=service-56120062930%40gcf-admin-robot.iam.gserviceaccount.com&Expires=1778422764&Signature=wKW4Co0CouLYcyObLtfOLOGYFJ%2F2HkJhIienl%2F5K%2FhryzPDm6GcbEzikDI3OYRKun%2Fc0wHCCUjneORafHsHLJskLhukojbqLV0%2B6VIPVfrfM0lhanZIfgdcfSTrUE6k7F3wl5Z5kQgiUxIQWZbSc0zaOKPexIZv%2F8OIPzmOrmLSWJRkAs0SjjZ7NHr%2Bq16%2BZFgINVMeqyKJEzotcvuTrnP5T%2BIAf9%2BGdylwdxeOsruvH1mO9YmrVtUipIqNORA%2BEsyW7GDgiYB%2FY6yUMhpMB%2Fv5ac5csFWLbBuTdhIr8Lg09yLhPbseQlLQSf0nT%2BjH%2Bzcfz6VMYNi0%2BTdDnDU7nyw%3D%3D
[debug] [2026-05-10T13:49:25.539Z] >>> [apiv2][body] PUT https://storage.googleapis.com/gcf-v2-uploads-56120062930.us-central1.cloudfunctions.appspot.com/6ac553b4-d689-45b5-9354-97524822dbfe.zip [stream]
[debug] [2026-05-10T13:49:27.627Z] <<< [apiv2][status] PUT https://storage.googleapis.com/gcf-v2-uploads-56120062930.us-central1.cloudfunctions.appspot.com/6ac553b4-d689-45b5-9354-97524822dbfe.zip 200
[debug] [2026-05-10T13:49:27.627Z] <<< [apiv2][body] PUT https://storage.googleapis.com/gcf-v2-uploads-56120062930.us-central1.cloudfunctions.appspot.com/6ac553b4-d689-45b5-9354-97524822dbfe.zip [omitted]
[info] +  functions: . source uploaded successfully 
[info] i  functions: updating Node.js 20 (2nd Gen) function api(us-central1)... 
[debug] [2026-05-10T13:49:27.632Z] Checked if tokens are valid: true, expires at: 1778422817136
[debug] [2026-05-10T13:49:27.632Z] Checked if tokens are valid: true, expires at: 1778422817136
[debug] [2026-05-10T13:49:27.632Z] >>> [apiv2][query] PATCH https://cloudfunctions.googleapis.com/v2/projects/contextlens-backend-001/locations/us-central1/functions/api updateMask=name%2CbuildConfig.runtime%2CbuildConfig.entryPoint%2CbuildConfig.source.storageSource.bucket%2CbuildConfig.source.storageSource.object%2CbuildConfig.environmentVariables%2CbuildConfig.sourceToken%2CserviceConfig.environmentVariables%2CserviceConfig.ingressSettings%2CserviceConfig.timeoutSeconds%2CserviceConfig.serviceAccountEmail%2CserviceConfig.availableMemory%2CserviceConfig.minInstanceCount%2CserviceConfig.maxInstanceCount%2CserviceConfig.maxInstanceRequestConcurrency%2CserviceConfig.availableCpu%2CserviceConfig.vpcConnector%2CserviceConfig.vpcConnectorEgressSettings%2CserviceConfig.directVpcNetworkInterface%2CserviceConfig.directVpcEgress%2Clabels
[debug] [2026-05-10T13:49:27.633Z] >>> [apiv2][body] PATCH https://cloudfunctions.googleapis.com/v2/projects/contextlens-backend-001/locations/us-central1/functions/api {"name":"projects/contextlens-backend-001/locations/us-central1/functions/api","buildConfig":{"runtime":"nodejs20","entryPoint":"api","source":{"storageSource":{"bucket":"gcf-v2-uploads-56120062930.us-central1.cloudfunctions.appspot.com","object":"6ac553b4-d689-45b5-9354-97524822dbfe.zip"}},"environmentVariables":{"GOOGLE_NODE_RUN_SCRIPTS":""}},"serviceConfig":{"environmentVariables":{"FIREBASE_CONFIG":"{\"projectId\":\"contextlens-backend-001\",\"storageBucket\":\"contextlens-backend-001.firebasestorage.app\"}","GCLOUD_PROJECT":"contextlens-backend-001","EVENTARC_CLOUD_EVENT_SOURCE":"projects/contextlens-backend-001/locations/REGION_TBD/services/api","FUNCTION_TARGET":"api","LOG_EXECUTION_ID":"true"},"ingressSettings":null,"timeoutSeconds":null,"serviceAccountEmail":null,"availableMemory":"256Mi","minInstanceCount":null,"maxInstanceCount":null,"maxInstanceRequestConcurrency":80,"availableCpu":"1","vpcConnector":null,"vpcConnectorEgressSettings":null,"directVpcNetworkInterface":null,"directVpcEgress":null},"labels":{"deployment-tool":"cli-firebase","firebase-functions-hash":"c8126fb3f5bb9b68236ce8bd620148f580ee411c"}}
[debug] [2026-05-10T13:49:30.136Z] <<< [apiv2][status] PATCH https://cloudfunctions.googleapis.com/v2/projects/contextlens-backend-001/locations/us-central1/functions/api 200
[debug] [2026-05-10T13:49:30.137Z] <<< [apiv2][body] PATCH https://cloudfunctions.googleapis.com/v2/projects/contextlens-backend-001/locations/us-central1/functions/api {"name":"projects/contextlens-backend-001/locations/us-central1/operations/operation-1778420968154-65176e6116591-ec1fd132-a1a39b84","metadata":{"@type":"type.googleapis.com/google.cloud.functions.v2.OperationMetadata","createTime":"2026-05-10T13:49:28.911875668Z","target":"projects/contextlens-backend-001/locations/us-central1/functions/api","verb":"update","cancelRequested":false,"apiVersion":"v2"},"done":false}
[debug] [2026-05-10T13:49:30.138Z] Checked if tokens are valid: true, expires at: 1778422817136
[debug] [2026-05-10T13:49:30.138Z] Checked if tokens are valid: true, expires at: 1778422817136
[debug] [2026-05-10T13:49:30.138Z] >>> [apiv2][query] GET https://cloudfunctions.googleapis.com/v2/projects/contextlens-backend-001/locations/us-central1/operations/operation-1778420968154-65176e6116591-ec1fd132-a1a39b84 [none]
[debug] [2026-05-10T13:49:31.256Z] <<< [apiv2][status] GET https://cloudfunctions.googleapis.com/v2/projects/contextlens-backend-001/locations/us-central1/operations/operation-1778420968154-65176e6116591-ec1fd132-a1a39b84 200
[debug] [2026-05-10T13:49:31.257Z] <<< [apiv2][body] GET https://cloudfunctions.googleapis.com/v2/projects/contextlens-backend-001/locations/us-central1/operations/operation-1778420968154-65176e6116591-ec1fd132-a1a39b84 {"name":"projects/contextlens-backend-001/locations/us-central1/operations/operation-1778420968154-65176e6116591-ec1fd132-a1a39b84","metadata":{"@type":"type.googleapis.com/google.cloud.functions.v2.OperationMetadata","createTime":"2026-05-10T13:49:28.911875668Z","target":"projects/contextlens-backend-001/locations/us-central1/functions/api","verb":"update","cancelRequested":false,"apiVersion":"v2","requestResource":{"@type":"type.googleapis.com/google.cloud.functions.v2.Function","name":"projects/contextlens-backend-001/locations/us-central1/functions/api","buildConfig":{"runtime":"nodejs20","entryPoint":"api","source":{"storageSource":{"bucket":"gcf-v2-sources-56120062930-us-central1","object":"api/function-source.zip","generation":"1778420968862192"}},"environmentVariables":{"GOOGLE_NODE_RUN_SCRIPTS":""},"dockerRepository":"projects/contextlens-backend-001/locations/us-central1/repositories/gcf-artifacts","sourceProvenance":{"resolvedStorageSource":{"bucket":"gcf-v2-sources-56120062930-us-central1","object":"api/function-source.zip","generation":"1778420859523089"}},"dockerRegistry":"ARTIFACT_REGISTRY","serviceAccount":"projects/contextlens-backend-001/serviceAccounts/56120062930-compute@developer.gserviceaccount.com","automaticUpdatePolicy":{}},"serviceConfig":{"service":"projects/contextlens-backend-001/locations/us-central1/services/api","timeoutSeconds":60,"environmentVariables":{"FIREBASE_CONFIG":"{\"projectId\":\"contextlens-backend-001\",\"storageBucket\":\"contextlens-backend-001.firebasestorage.app\"}","GCLOUD_PROJECT":"contextlens-backend-001","EVENTARC_CLOUD_EVENT_SOURCE":"projects/contextlens-backend-001/locations/REGION_TBD/services/api","FUNCTION_TARGET":"api","LOG_EXECUTION_ID":"true"},"ingressSettings":"ALLOW_ALL","serviceAccountEmail":"56120062930-compute@developer.gserviceaccount.com","availableMemory":"256Mi","maxInstanceRequestConcurrency":80,"availableCpu":"1"},"state":"FAILED","labels":{"firebase-functions-hash":"c8126fb3f5bb9b68236ce8bd620148f580ee411c"},"stateMessages":[{"severity":"ERROR","type":"CloudRunServiceNotFound","message":"Cloud Run service projects/contextlens-backend-001/locations/us-central1/services/api for the function was not found. The function will not work correctly. Please redeploy."}],"environment":"GEN_2","url":"https://us-central1-contextlens-backend-001.cloudfunctions.net/api","satisfiesPzi":true},"stages":[{"name":"BUILD","message":"Build in progress","state":"IN_PROGRESS","resource":"projects/56120062930/locations/us-central1/builds/f39c2ca4-87b9-448f-be27-52cdf247763b","resourceUri":"https://console.cloud.google.com/cloud-build/builds;region=us-central1/f39c2ca4-87b9-448f-be27-52cdf247763b?project=56120062930"},{"name":"SERVICE","state":"NOT_STARTED"}],"operationType":"UPDATE_FUNCTION","buildName":"projects/56120062930/locations/us-central1/builds/f39c2ca4-87b9-448f-be27-52cdf247763b"},"done":false}
[debug] [2026-05-10T13:49:31.763Z] [update-default-us-central1-api] Retrying task index 0
[debug] [2026-05-10T13:49:31.763Z] Checked if tokens are valid: true, expires at: 1778422817136
[debug] [2026-05-10T13:49:31.764Z] Checked if tokens are valid: true, expires at: 1778422817136
[debug] [2026-05-10T13:49:31.764Z] >>> [apiv2][query] GET https://cloudfunctions.googleapis.com/v2/projects/contextlens-backend-001/locations/us-central1/operations/operation-1778420968154-65176e6116591-ec1fd132-a1a39b84 [none]
[debug] [2026-05-10T13:49:32.901Z] <<< [apiv2][status] GET https://cloudfunctions.googleapis.com/v2/projects/contextlens-backend-001/locations/us-central1/operations/operation-1778420968154-65176e6116591-ec1fd132-a1a39b84 200
[debug] [2026-05-10T13:49:32.902Z] <<< [apiv2][body] GET https://cloudfunctions.googleapis.com/v2/projects/contextlens-backend-001/locations/us-central1/operations/operation-1778420968154-65176e6116591-ec1fd132-a1a39b84 {"name":"projects/contextlens-backend-001/locations/us-central1/operations/operation-1778420968154-65176e6116591-ec1fd132-a1a39b84","metadata":{"@type":"type.googleapis.com/google.cloud.functions.v2.OperationMetadata","createTime":"2026-05-10T13:49:28.911875668Z","target":"projects/contextlens-backend-001/locations/us-central1/functions/api","verb":"update","cancelRequested":false,"apiVersion":"v2","requestResource":{"@type":"type.googleapis.com/google.cloud.functions.v2.Function","name":"projects/contextlens-backend-001/locations/us-central1/functions/api","buildConfig":{"runtime":"nodejs20","entryPoint":"api","source":{"storageSource":{"bucket":"gcf-v2-sources-56120062930-us-central1","object":"api/function-source.zip","generation":"1778420968862192"}},"environmentVariables":{"GOOGLE_NODE_RUN_SCRIPTS":""},"dockerRepository":"projects/contextlens-backend-001/locations/us-central1/repositories/gcf-artifacts","sourceProvenance":{"resolvedStorageSource":{"bucket":"gcf-v2-sources-56120062930-us-central1","object":"api/function-source.zip","generation":"1778420859523089"}},"dockerRegistry":"ARTIFACT_REGISTRY","serviceAccount":"projects/contextlens-backend-001/serviceAccounts/56120062930-compute@developer.gserviceaccount.com","automaticUpdatePolicy":{}},"serviceConfig":{"service":"projects/contextlens-backend-001/locations/us-central1/services/api","timeoutSeconds":60,"environmentVariables":{"FIREBASE_CONFIG":"{\"projectId\":\"contextlens-backend-001\",\"storageBucket\":\"contextlens-backend-001.firebasestorage.app\"}","GCLOUD_PROJECT":"contextlens-backend-001","EVENTARC_CLOUD_EVENT_SOURCE":"projects/contextlens-backend-001/locations/REGION_TBD/services/api","FUNCTION_TARGET":"api","LOG_EXECUTION_ID":"true"},"ingressSettings":"ALLOW_ALL","serviceAccountEmail":"56120062930-compute@developer.gserviceaccount.com","availableMemory":"256Mi","maxInstanceRequestConcurrency":80,"availableCpu":"1"},"state":"FAILED","labels":{"firebase-functions-hash":"c8126fb3f5bb9b68236ce8bd620148f580ee411c"},"stateMessages":[{"severity":"ERROR","type":"CloudRunServiceNotFound","message":"Cloud Run service projects/contextlens-backend-001/locations/us-central1/services/api for the function was not found. The function will not work correctly. Please redeploy."}],"environment":"GEN_2","url":"https://us-central1-contextlens-backend-001.cloudfunctions.net/api","satisfiesPzi":true},"stages":[{"name":"BUILD","message":"Build in progress","state":"IN_PROGRESS","resource":"projects/56120062930/locations/us-central1/builds/f39c2ca4-87b9-448f-be27-52cdf247763b","resourceUri":"https://console.cloud.google.com/cloud-build/builds;region=us-central1/f39c2ca4-87b9-448f-be27-52cdf247763b?project=56120062930"},{"name":"SERVICE","state":"NOT_STARTED"}],"operationType":"UPDATE_FUNCTION","buildName":"projects/56120062930/locations/us-central1/builds/f39c2ca4-87b9-448f-be27-52cdf247763b"},"done":false}
[debug] [2026-05-10T13:49:33.902Z] [update-default-us-central1-api] Retrying task index 0
[debug] [2026-05-10T13:49:33.902Z] Checked if tokens are valid: true, expires at: 1778422817136
[debug] [2026-05-10T13:49:33.903Z] Checked if tokens are valid: true, expires at: 1778422817136
[debug] [2026-05-10T13:49:33.903Z] >>> [apiv2][query] GET https://cloudfunctions.googleapis.com/v2/projects/contextlens-backend-001/locations/us-central1/operations/operation-1778420968154-65176e6116591-ec1fd132-a1a39b84 [none]
[debug] [2026-05-10T13:49:34.540Z] <<< [apiv2][status] GET https://cloudfunctions.googleapis.com/v2/projects/contextlens-backend-001/locations/us-central1/operations/operation-1778420968154-65176e6116591-ec1fd132-a1a39b84 200
[debug] [2026-05-10T13:49:34.540Z] <<< [apiv2][body] GET https://cloudfunctions.googleapis.com/v2/projects/contextlens-backend-001/locations/us-central1/operations/operation-1778420968154-65176e6116591-ec1fd132-a1a39b84 {"name":"projects/contextlens-backend-001/locations/us-central1/operations/operation-1778420968154-65176e6116591-ec1fd132-a1a39b84","metadata":{"@type":"type.googleapis.com/google.cloud.functions.v2.OperationMetadata","createTime":"2026-05-10T13:49:28.911875668Z","target":"projects/contextlens-backend-001/locations/us-central1/functions/api","verb":"update","cancelRequested":false,"apiVersion":"v2","requestResource":{"@type":"type.googleapis.com/google.cloud.functions.v2.Function","name":"projects/contextlens-backend-001/locations/us-central1/functions/api","buildConfig":{"runtime":"nodejs20","entryPoint":"api","source":{"storageSource":{"bucket":"gcf-v2-sources-56120062930-us-central1","object":"api/function-source.zip","generation":"1778420968862192"}},"environmentVariables":{"GOOGLE_NODE_RUN_SCRIPTS":""},"dockerRepository":"projects/contextlens-backend-001/locations/us-central1/repositories/gcf-artifacts","sourceProvenance":{"resolvedStorageSource":{"bucket":"gcf-v2-sources-56120062930-us-central1","object":"api/function-source.zip","generation":"1778420859523089"}},"dockerRegistry":"ARTIFACT_REGISTRY","serviceAccount":"projects/contextlens-backend-001/serviceAccounts/56120062930-compute@developer.gserviceaccount.com","automaticUpdatePolicy":{}},"serviceConfig":{"service":"projects/contextlens-backend-001/locations/us-central1/services/api","timeoutSeconds":60,"environmentVariables":{"FIREBASE_CONFIG":"{\"projectId\":\"contextlens-backend-001\",\"storageBucket\":\"contextlens-backend-001.firebasestorage.app\"}","GCLOUD_PROJECT":"contextlens-backend-001","EVENTARC_CLOUD_EVENT_SOURCE":"projects/contextlens-backend-001/locations/REGION_TBD/services/api","FUNCTION_TARGET":"api","LOG_EXECUTION_ID":"true"},"ingressSettings":"ALLOW_ALL","serviceAccountEmail":"56120062930-compute@developer.gserviceaccount.com","availableMemory":"256Mi","maxInstanceRequestConcurrency":80,"availableCpu":"1"},"state":"FAILED","labels":{"firebase-functions-hash":"c8126fb3f5bb9b68236ce8bd620148f580ee411c"},"stateMessages":[{"severity":"ERROR","type":"CloudRunServiceNotFound","message":"Cloud Run service projects/contextlens-backend-001/locations/us-central1/services/api for the function was not found. The function will not work correctly. Please redeploy."}],"environment":"GEN_2","url":"https://us-central1-contextlens-backend-001.cloudfunctions.net/api","satisfiesPzi":true},"stages":[{"name":"BUILD","message":"Build in progress","state":"IN_PROGRESS","resource":"projects/56120062930/locations/us-central1/builds/f39c2ca4-87b9-448f-be27-52cdf247763b","resourceUri":"https://console.cloud.google.com/cloud-build/builds;region=us-central1/f39c2ca4-87b9-448f-be27-52cdf247763b?project=56120062930"},{"name":"SERVICE","state":"NOT_STARTED"}],"operationType":"UPDATE_FUNCTION","buildName":"projects/56120062930/locations/us-central1/builds/f39c2ca4-87b9-448f-be27-52cdf247763b"},"done":false}
[debug] [2026-05-10T13:49:36.544Z] [update-default-us-central1-api] Retrying task index 0
[debug] [2026-05-10T13:49:36.545Z] Checked if tokens are valid: true, expires at: 1778422817136
[debug] [2026-05-10T13:49:36.545Z] Checked if tokens are valid: true, expires at: 1778422817136
[debug] [2026-05-10T13:49:36.546Z] >>> [apiv2][query] GET https://cloudfunctions.googleapis.com/v2/projects/contextlens-backend-001/locations/us-central1/operations/operation-1778420968154-65176e6116591-ec1fd132-a1a39b84 [none]
[debug] [2026-05-10T13:49:37.102Z] <<< [apiv2][status] GET https://cloudfunctions.googleapis.com/v2/projects/contextlens-backend-001/locations/us-central1/operations/operation-1778420968154-65176e6116591-ec1fd132-a1a39b84 200
[debug] [2026-05-10T13:49:37.103Z] <<< [apiv2][body] GET https://cloudfunctions.googleapis.com/v2/projects/contextlens-backend-001/locations/us-central1/operations/operation-1778420968154-65176e6116591-ec1fd132-a1a39b84 {"name":"projects/contextlens-backend-001/locations/us-central1/operations/operation-1778420968154-65176e6116591-ec1fd132-a1a39b84","metadata":{"@type":"type.googleapis.com/google.cloud.functions.v2.OperationMetadata","createTime":"2026-05-10T13:49:28.911875668Z","target":"projects/contextlens-backend-001/locations/us-central1/functions/api","verb":"update","cancelRequested":false,"apiVersion":"v2","requestResource":{"@type":"type.googleapis.com/google.cloud.functions.v2.Function","name":"projects/contextlens-backend-001/locations/us-central1/functions/api","buildConfig":{"runtime":"nodejs20","entryPoint":"api","source":{"storageSource":{"bucket":"gcf-v2-sources-56120062930-us-central1","object":"api/function-source.zip","generation":"1778420968862192"}},"environmentVariables":{"GOOGLE_NODE_RUN_SCRIPTS":""},"dockerRepository":"projects/contextlens-backend-001/locations/us-central1/repositories/gcf-artifacts","sourceProvenance":{"resolvedStorageSource":{"bucket":"gcf-v2-sources-56120062930-us-central1","object":"api/function-source.zip","generation":"1778420859523089"}},"dockerRegistry":"ARTIFACT_REGISTRY","serviceAccount":"projects/contextlens-backend-001/serviceAccounts/56120062930-compute@developer.gserviceaccount.com","automaticUpdatePolicy":{}},"serviceConfig":{"service":"projects/contextlens-backend-001/locations/us-central1/services/api","timeoutSeconds":60,"environmentVariables":{"FIREBASE_CONFIG":"{\"projectId\":\"contextlens-backend-001\",\"storageBucket\":\"contextlens-backend-001.firebasestorage.app\"}","GCLOUD_PROJECT":"contextlens-backend-001","EVENTARC_CLOUD_EVENT_SOURCE":"projects/contextlens-backend-001/locations/REGION_TBD/services/api","FUNCTION_TARGET":"api","LOG_EXECUTION_ID":"true"},"ingressSettings":"ALLOW_ALL","serviceAccountEmail":"56120062930-compute@developer.gserviceaccount.com","availableMemory":"256Mi","maxInstanceRequestConcurrency":80,"availableCpu":"1"},"state":"FAILED","labels":{"firebase-functions-hash":"c8126fb3f5bb9b68236ce8bd620148f580ee411c"},"stateMessages":[{"severity":"ERROR","type":"CloudRunServiceNotFound","message":"Cloud Run service projects/contextlens-backend-001/locations/us-central1/services/api for the function was not found. The function will not work correctly. Please redeploy."}],"environment":"GEN_2","url":"https://us-central1-contextlens-backend-001.cloudfunctions.net/api","satisfiesPzi":true},"stages":[{"name":"BUILD","message":"Build in progress","state":"IN_PROGRESS","resource":"projects/56120062930/locations/us-central1/builds/f39c2ca4-87b9-448f-be27-52cdf247763b","resourceUri":"https://console.cloud.google.com/cloud-build/builds;region=us-central1/f39c2ca4-87b9-448f-be27-52cdf247763b?project=56120062930"},{"name":"SERVICE","state":"NOT_STARTED"}],"operationType":"UPDATE_FUNCTION","buildName":"projects/56120062930/locations/us-central1/builds/f39c2ca4-87b9-448f-be27-52cdf247763b"},"done":false}
[debug] [2026-05-10T13:49:41.104Z] [update-default-us-central1-api] Retrying task index 0
[debug] [2026-05-10T13:49:41.104Z] Checked if tokens are valid: true, expires at: 1778422817136
[debug] [2026-05-10T13:49:41.105Z] Checked if tokens are valid: true, expires at: 1778422817136
[debug] [2026-05-10T13:49:41.105Z] >>> [apiv2][query] GET https://cloudfunctions.googleapis.com/v2/projects/contextlens-backend-001/locations/us-central1/operations/operation-1778420968154-65176e6116591-ec1fd132-a1a39b84 [none]
[debug] [2026-05-10T13:49:42.221Z] <<< [apiv2][status] GET https://cloudfunctions.googleapis.com/v2/projects/contextlens-backend-001/locations/us-central1/operations/operation-1778420968154-65176e6116591-ec1fd132-a1a39b84 200
[debug] [2026-05-10T13:49:42.222Z] <<< [apiv2][body] GET https://cloudfunctions.googleapis.com/v2/projects/contextlens-backend-001/locations/us-central1/operations/operation-1778420968154-65176e6116591-ec1fd132-a1a39b84 {"name":"projects/contextlens-backend-001/locations/us-central1/operations/operation-1778420968154-65176e6116591-ec1fd132-a1a39b84","metadata":{"@type":"type.googleapis.com/google.cloud.functions.v2.OperationMetadata","createTime":"2026-05-10T13:49:28.911875668Z","target":"projects/contextlens-backend-001/locations/us-central1/functions/api","verb":"update","cancelRequested":false,"apiVersion":"v2","requestResource":{"@type":"type.googleapis.com/google.cloud.functions.v2.Function","name":"projects/contextlens-backend-001/locations/us-central1/functions/api","buildConfig":{"runtime":"nodejs20","entryPoint":"api","source":{"storageSource":{"bucket":"gcf-v2-sources-56120062930-us-central1","object":"api/function-source.zip","generation":"1778420968862192"}},"environmentVariables":{"GOOGLE_NODE_RUN_SCRIPTS":""},"dockerRepository":"projects/contextlens-backend-001/locations/us-central1/repositories/gcf-artifacts","sourceProvenance":{"resolvedStorageSource":{"bucket":"gcf-v2-sources-56120062930-us-central1","object":"api/function-source.zip","generation":"1778420859523089"}},"dockerRegistry":"ARTIFACT_REGISTRY","serviceAccount":"projects/contextlens-backend-001/serviceAccounts/56120062930-compute@developer.gserviceaccount.com","automaticUpdatePolicy":{}},"serviceConfig":{"service":"projects/contextlens-backend-001/locations/us-central1/services/api","timeoutSeconds":60,"environmentVariables":{"FIREBASE_CONFIG":"{\"projectId\":\"contextlens-backend-001\",\"storageBucket\":\"contextlens-backend-001.firebasestorage.app\"}","GCLOUD_PROJECT":"contextlens-backend-001","EVENTARC_CLOUD_EVENT_SOURCE":"projects/contextlens-backend-001/locations/REGION_TBD/services/api","FUNCTION_TARGET":"api","LOG_EXECUTION_ID":"true"},"ingressSettings":"ALLOW_ALL","serviceAccountEmail":"56120062930-compute@developer.gserviceaccount.com","availableMemory":"256Mi","maxInstanceRequestConcurrency":80,"availableCpu":"1"},"state":"FAILED","labels":{"firebase-functions-hash":"c8126fb3f5bb9b68236ce8bd620148f580ee411c"},"stateMessages":[{"severity":"ERROR","type":"CloudRunServiceNotFound","message":"Cloud Run service projects/contextlens-backend-001/locations/us-central1/services/api for the function was not found. The function will not work correctly. Please redeploy."}],"environment":"GEN_2","url":"https://us-central1-contextlens-backend-001.cloudfunctions.net/api","satisfiesPzi":true},"stages":[{"name":"BUILD","message":"Build in progress","state":"IN_PROGRESS","resource":"projects/56120062930/locations/us-central1/builds/f39c2ca4-87b9-448f-be27-52cdf247763b","resourceUri":"https://console.cloud.google.com/cloud-build/builds;region=us-central1/f39c2ca4-87b9-448f-be27-52cdf247763b?project=56120062930"},{"name":"SERVICE","state":"NOT_STARTED"}],"operationType":"UPDATE_FUNCTION","buildName":"projects/56120062930/locations/us-central1/builds/f39c2ca4-87b9-448f-be27-52cdf247763b"},"done":false}
[debug] [2026-05-10T13:49:50.224Z] [update-default-us-central1-api] Retrying task index 0
[debug] [2026-05-10T13:49:50.225Z] Checked if tokens are valid: true, expires at: 1778422817136
[debug] [2026-05-10T13:49:50.225Z] Checked if tokens are valid: true, expires at: 1778422817136
[debug] [2026-05-10T13:49:50.225Z] >>> [apiv2][query] GET https://cloudfunctions.googleapis.com/v2/projects/contextlens-backend-001/locations/us-central1/operations/operation-1778420968154-65176e6116591-ec1fd132-a1a39b84 [none]
[debug] [2026-05-10T13:49:51.728Z] <<< [apiv2][status] GET https://cloudfunctions.googleapis.com/v2/projects/contextlens-backend-001/locations/us-central1/operations/operation-1778420968154-65176e6116591-ec1fd132-a1a39b84 200
[debug] [2026-05-10T13:49:51.728Z] <<< [apiv2][body] GET https://cloudfunctions.googleapis.com/v2/projects/contextlens-backend-001/locations/us-central1/operations/operation-1778420968154-65176e6116591-ec1fd132-a1a39b84 {"name":"projects/contextlens-backend-001/locations/us-central1/operations/operation-1778420968154-65176e6116591-ec1fd132-a1a39b84","metadata":{"@type":"type.googleapis.com/google.cloud.functions.v2.OperationMetadata","createTime":"2026-05-10T13:49:28.911875668Z","target":"projects/contextlens-backend-001/locations/us-central1/functions/api","verb":"update","cancelRequested":false,"apiVersion":"v2","requestResource":{"@type":"type.googleapis.com/google.cloud.functions.v2.Function","name":"projects/contextlens-backend-001/locations/us-central1/functions/api","buildConfig":{"runtime":"nodejs20","entryPoint":"api","source":{"storageSource":{"bucket":"gcf-v2-sources-56120062930-us-central1","object":"api/function-source.zip","generation":"1778420968862192"}},"environmentVariables":{"GOOGLE_NODE_RUN_SCRIPTS":""},"dockerRepository":"projects/contextlens-backend-001/locations/us-central1/repositories/gcf-artifacts","sourceProvenance":{"resolvedStorageSource":{"bucket":"gcf-v2-sources-56120062930-us-central1","object":"api/function-source.zip","generation":"1778420859523089"}},"dockerRegistry":"ARTIFACT_REGISTRY","serviceAccount":"projects/contextlens-backend-001/serviceAccounts/56120062930-compute@developer.gserviceaccount.com","automaticUpdatePolicy":{}},"serviceConfig":{"service":"projects/contextlens-backend-001/locations/us-central1/services/api","timeoutSeconds":60,"environmentVariables":{"FIREBASE_CONFIG":"{\"projectId\":\"contextlens-backend-001\",\"storageBucket\":\"contextlens-backend-001.firebasestorage.app\"}","GCLOUD_PROJECT":"contextlens-backend-001","EVENTARC_CLOUD_EVENT_SOURCE":"projects/contextlens-backend-001/locations/REGION_TBD/services/api","FUNCTION_TARGET":"api","LOG_EXECUTION_ID":"true"},"ingressSettings":"ALLOW_ALL","serviceAccountEmail":"56120062930-compute@developer.gserviceaccount.com","availableMemory":"256Mi","maxInstanceRequestConcurrency":80,"availableCpu":"1"},"state":"FAILED","labels":{"firebase-functions-hash":"c8126fb3f5bb9b68236ce8bd620148f580ee411c"},"stateMessages":[{"severity":"ERROR","type":"CloudRunServiceNotFound","message":"Cloud Run service projects/contextlens-backend-001/locations/us-central1/services/api for the function was not found. The function will not work correctly. Please redeploy."}],"environment":"GEN_2","url":"https://us-central1-contextlens-backend-001.cloudfunctions.net/api","satisfiesPzi":true},"stages":[{"name":"BUILD","message":"Build in progress","state":"IN_PROGRESS","resource":"projects/56120062930/locations/us-central1/builds/f39c2ca4-87b9-448f-be27-52cdf247763b","resourceUri":"https://console.cloud.google.com/cloud-build/builds;region=us-central1/f39c2ca4-87b9-448f-be27-52cdf247763b?project=56120062930"},{"name":"SERVICE","state":"NOT_STARTED"}],"operationType":"UPDATE_FUNCTION","buildName":"projects/56120062930/locations/us-central1/builds/f39c2ca4-87b9-448f-be27-52cdf247763b"},"done":false}
[debug] [2026-05-10T13:50:01.730Z] [update-default-us-central1-api] Retrying task index 0
[debug] [2026-05-10T13:50:01.730Z] Checked if tokens are valid: true, expires at: 1778422817136
[debug] [2026-05-10T13:50:01.731Z] Checked if tokens are valid: true, expires at: 1778422817136
[debug] [2026-05-10T13:50:01.731Z] >>> [apiv2][query] GET https://cloudfunctions.googleapis.com/v2/projects/contextlens-backend-001/locations/us-central1/operations/operation-1778420968154-65176e6116591-ec1fd132-a1a39b84 [none]
[debug] [2026-05-10T13:50:02.803Z] <<< [apiv2][status] GET https://cloudfunctions.googleapis.com/v2/projects/contextlens-backend-001/locations/us-central1/operations/operation-1778420968154-65176e6116591-ec1fd132-a1a39b84 200
[debug] [2026-05-10T13:50:02.803Z] <<< [apiv2][body] GET https://cloudfunctions.googleapis.com/v2/projects/contextlens-backend-001/locations/us-central1/operations/operation-1778420968154-65176e6116591-ec1fd132-a1a39b84 {"name":"projects/contextlens-backend-001/locations/us-central1/operations/operation-1778420968154-65176e6116591-ec1fd132-a1a39b84","metadata":{"@type":"type.googleapis.com/google.cloud.functions.v2.OperationMetadata","createTime":"2026-05-10T13:49:28.911875668Z","target":"projects/contextlens-backend-001/locations/us-central1/functions/api","verb":"update","cancelRequested":false,"apiVersion":"v2","requestResource":{"@type":"type.googleapis.com/google.cloud.functions.v2.Function","name":"projects/contextlens-backend-001/locations/us-central1/functions/api","buildConfig":{"runtime":"nodejs20","entryPoint":"api","source":{"storageSource":{"bucket":"gcf-v2-sources-56120062930-us-central1","object":"api/function-source.zip","generation":"1778420968862192"}},"environmentVariables":{"GOOGLE_NODE_RUN_SCRIPTS":""},"dockerRepository":"projects/contextlens-backend-001/locations/us-central1/repositories/gcf-artifacts","sourceProvenance":{"resolvedStorageSource":{"bucket":"gcf-v2-sources-56120062930-us-central1","object":"api/function-source.zip","generation":"1778420859523089"}},"dockerRegistry":"ARTIFACT_REGISTRY","serviceAccount":"projects/contextlens-backend-001/serviceAccounts/56120062930-compute@developer.gserviceaccount.com","automaticUpdatePolicy":{}},"serviceConfig":{"service":"projects/contextlens-backend-001/locations/us-central1/services/api","timeoutSeconds":60,"environmentVariables":{"FIREBASE_CONFIG":"{\"projectId\":\"contextlens-backend-001\",\"storageBucket\":\"contextlens-backend-001.firebasestorage.app\"}","GCLOUD_PROJECT":"contextlens-backend-001","EVENTARC_CLOUD_EVENT_SOURCE":"projects/contextlens-backend-001/locations/REGION_TBD/services/api","FUNCTION_TARGET":"api","LOG_EXECUTION_ID":"true"},"ingressSettings":"ALLOW_ALL","serviceAccountEmail":"56120062930-compute@developer.gserviceaccount.com","availableMemory":"256Mi","maxInstanceRequestConcurrency":80,"availableCpu":"1"},"state":"FAILED","labels":{"firebase-functions-hash":"c8126fb3f5bb9b68236ce8bd620148f580ee411c"},"stateMessages":[{"severity":"ERROR","type":"CloudRunServiceNotFound","message":"Cloud Run service projects/contextlens-backend-001/locations/us-central1/services/api for the function was not found. The function will not work correctly. Please redeploy."}],"environment":"GEN_2","url":"https://us-central1-contextlens-backend-001.cloudfunctions.net/api","satisfiesPzi":true},"stages":[{"name":"BUILD","message":"Build in progress","state":"IN_PROGRESS","resource":"projects/56120062930/locations/us-central1/builds/f39c2ca4-87b9-448f-be27-52cdf247763b","resourceUri":"https://console.cloud.google.com/cloud-build/builds;region=us-central1/f39c2ca4-87b9-448f-be27-52cdf247763b?project=56120062930"},{"name":"SERVICE","state":"NOT_STARTED"}],"operationType":"UPDATE_FUNCTION","buildName":"projects/56120062930/locations/us-central1/builds/f39c2ca4-87b9-448f-be27-52cdf247763b"},"done":false}
[debug] [2026-05-10T13:50:12.814Z] [update-default-us-central1-api] Retrying task index 0
[debug] [2026-05-10T13:50:12.814Z] Checked if tokens are valid: true, expires at: 1778422817136
[debug] [2026-05-10T13:50:12.814Z] Checked if tokens are valid: true, expires at: 1778422817136
[debug] [2026-05-10T13:50:12.815Z] >>> [apiv2][query] GET https://cloudfunctions.googleapis.com/v2/projects/contextlens-backend-001/locations/us-central1/operations/operation-1778420968154-65176e6116591-ec1fd132-a1a39b84 [none]
[debug] [2026-05-10T13:50:14.477Z] <<< [apiv2][status] GET https://cloudfunctions.googleapis.com/v2/projects/contextlens-backend-001/locations/us-central1/operations/operation-1778420968154-65176e6116591-ec1fd132-a1a39b84 200
[debug] [2026-05-10T13:50:14.477Z] <<< [apiv2][body] GET https://cloudfunctions.googleapis.com/v2/projects/contextlens-backend-001/locations/us-central1/operations/operation-1778420968154-65176e6116591-ec1fd132-a1a39b84 {"name":"projects/contextlens-backend-001/locations/us-central1/operations/operation-1778420968154-65176e6116591-ec1fd132-a1a39b84","metadata":{"@type":"type.googleapis.com/google.cloud.functions.v2.OperationMetadata","createTime":"2026-05-10T13:49:28.911875668Z","target":"projects/contextlens-backend-001/locations/us-central1/functions/api","verb":"update","cancelRequested":false,"apiVersion":"v2","requestResource":{"@type":"type.googleapis.com/google.cloud.functions.v2.Function","name":"projects/contextlens-backend-001/locations/us-central1/functions/api","buildConfig":{"runtime":"nodejs20","entryPoint":"api","source":{"storageSource":{"bucket":"gcf-v2-sources-56120062930-us-central1","object":"api/function-source.zip","generation":"1778420968862192"}},"environmentVariables":{"GOOGLE_NODE_RUN_SCRIPTS":""},"dockerRepository":"projects/contextlens-backend-001/locations/us-central1/repositories/gcf-artifacts","sourceProvenance":{"resolvedStorageSource":{"bucket":"gcf-v2-sources-56120062930-us-central1","object":"api/function-source.zip","generation":"1778420859523089"}},"dockerRegistry":"ARTIFACT_REGISTRY","serviceAccount":"projects/contextlens-backend-001/serviceAccounts/56120062930-compute@developer.gserviceaccount.com","automaticUpdatePolicy":{}},"serviceConfig":{"service":"projects/contextlens-backend-001/locations/us-central1/services/api","timeoutSeconds":60,"environmentVariables":{"FIREBASE_CONFIG":"{\"projectId\":\"contextlens-backend-001\",\"storageBucket\":\"contextlens-backend-001.firebasestorage.app\"}","GCLOUD_PROJECT":"contextlens-backend-001","EVENTARC_CLOUD_EVENT_SOURCE":"projects/contextlens-backend-001/locations/REGION_TBD/services/api","FUNCTION_TARGET":"api","LOG_EXECUTION_ID":"true"},"ingressSettings":"ALLOW_ALL","serviceAccountEmail":"56120062930-compute@developer.gserviceaccount.com","availableMemory":"256Mi","maxInstanceRequestConcurrency":80,"availableCpu":"1"},"state":"FAILED","labels":{"firebase-functions-hash":"c8126fb3f5bb9b68236ce8bd620148f580ee411c"},"stateMessages":[{"severity":"ERROR","type":"CloudRunServiceNotFound","message":"Cloud Run service projects/contextlens-backend-001/locations/us-central1/services/api for the function was not found. The function will not work correctly. Please redeploy."}],"environment":"GEN_2","url":"https://us-central1-contextlens-backend-001.cloudfunctions.net/api","satisfiesPzi":true},"stages":[{"name":"BUILD","message":"Build in progress","state":"IN_PROGRESS","resource":"projects/56120062930/locations/us-central1/builds/f39c2ca4-87b9-448f-be27-52cdf247763b","resourceUri":"https://console.cloud.google.com/cloud-build/builds;region=us-central1/f39c2ca4-87b9-448f-be27-52cdf247763b?project=56120062930"},{"name":"SERVICE","state":"NOT_STARTED"}],"operationType":"UPDATE_FUNCTION","buildName":"projects/56120062930/locations/us-central1/builds/f39c2ca4-87b9-448f-be27-52cdf247763b"},"done":false}
[debug] [2026-05-10T13:50:24.489Z] [update-default-us-central1-api] Retrying task index 0
[debug] [2026-05-10T13:50:24.489Z] Checked if tokens are valid: true, expires at: 1778422817136
[debug] [2026-05-10T13:50:24.489Z] Checked if tokens are valid: true, expires at: 1778422817136
[debug] [2026-05-10T13:50:24.490Z] >>> [apiv2][query] GET https://cloudfunctions.googleapis.com/v2/projects/contextlens-backend-001/locations/us-central1/operations/operation-1778420968154-65176e6116591-ec1fd132-a1a39b84 [none]
[debug] [2026-05-10T13:50:25.937Z] <<< [apiv2][status] GET https://cloudfunctions.googleapis.com/v2/projects/contextlens-backend-001/locations/us-central1/operations/operation-1778420968154-65176e6116591-ec1fd132-a1a39b84 200
[debug] [2026-05-10T13:50:25.937Z] <<< [apiv2][body] GET https://cloudfunctions.googleapis.com/v2/projects/contextlens-backend-001/locations/us-central1/operations/operation-1778420968154-65176e6116591-ec1fd132-a1a39b84 {"name":"projects/contextlens-backend-001/locations/us-central1/operations/operation-1778420968154-65176e6116591-ec1fd132-a1a39b84","metadata":{"@type":"type.googleapis.com/google.cloud.functions.v2.OperationMetadata","createTime":"2026-05-10T13:49:28.911875668Z","target":"projects/contextlens-backend-001/locations/us-central1/functions/api","verb":"update","cancelRequested":false,"apiVersion":"v2","requestResource":{"@type":"type.googleapis.com/google.cloud.functions.v2.Function","name":"projects/contextlens-backend-001/locations/us-central1/functions/api","buildConfig":{"runtime":"nodejs20","entryPoint":"api","source":{"storageSource":{"bucket":"gcf-v2-sources-56120062930-us-central1","object":"api/function-source.zip","generation":"1778420968862192"}},"environmentVariables":{"GOOGLE_NODE_RUN_SCRIPTS":""},"dockerRepository":"projects/contextlens-backend-001/locations/us-central1/repositories/gcf-artifacts","sourceProvenance":{"resolvedStorageSource":{"bucket":"gcf-v2-sources-56120062930-us-central1","object":"api/function-source.zip","generation":"1778420859523089"}},"dockerRegistry":"ARTIFACT_REGISTRY","serviceAccount":"projects/contextlens-backend-001/serviceAccounts/56120062930-compute@developer.gserviceaccount.com","automaticUpdatePolicy":{}},"serviceConfig":{"service":"projects/contextlens-backend-001/locations/us-central1/services/api","timeoutSeconds":60,"environmentVariables":{"FIREBASE_CONFIG":"{\"projectId\":\"contextlens-backend-001\",\"storageBucket\":\"contextlens-backend-001.firebasestorage.app\"}","GCLOUD_PROJECT":"contextlens-backend-001","EVENTARC_CLOUD_EVENT_SOURCE":"projects/contextlens-backend-001/locations/REGION_TBD/services/api","FUNCTION_TARGET":"api","LOG_EXECUTION_ID":"true"},"ingressSettings":"ALLOW_ALL","serviceAccountEmail":"56120062930-compute@developer.gserviceaccount.com","availableMemory":"256Mi","maxInstanceRequestConcurrency":80,"availableCpu":"1"},"state":"FAILED","labels":{"firebase-functions-hash":"c8126fb3f5bb9b68236ce8bd620148f580ee411c"},"stateMessages":[{"severity":"ERROR","type":"CloudRunServiceNotFound","message":"Cloud Run service projects/contextlens-backend-001/locations/us-central1/services/api for the function was not found. The function will not work correctly. Please redeploy."}],"environment":"GEN_2","url":"https://us-central1-contextlens-backend-001.cloudfunctions.net/api","satisfiesPzi":true},"stages":[{"name":"BUILD","message":"Build finished","state":"COMPLETE","resource":"projects/56120062930/locations/us-central1/builds/f39c2ca4-87b9-448f-be27-52cdf247763b","resourceUri":"https://console.cloud.google.com/cloud-build/builds;region=us-central1/f39c2ca4-87b9-448f-be27-52cdf247763b?project=56120062930"},{"name":"SERVICE","state":"NOT_STARTED"}],"sourceToken":"ClZwcm9qZWN0cy81NjEyMDA2MjkzMC9sb2NhdGlvbnMvdXMtY2VudHJhbDEvYnVpbGRzL2YzOWMyY2E0LTg3YjktNDQ4Zi1iZTI3LTUyY2RmMjQ3NzYzYhJ3dXMtY2VudHJhbDEtZG9ja2VyLnBrZy5kZXYvY29udGV4dGxlbnMtYmFja2VuZC0wMDEvZ2NmLWFydGlmYWN0cy9jb250ZXh0bGVucy0tYmFja2VuZC0tMDAxX191cy0tY2VudHJhbDFfX2FwaTp2ZXJzaW9uXzEY0ueQiNEBIkRwcm9qZWN0cy9jb250ZXh0bGVucy1iYWNrZW5kLTAwMS9sb2NhdGlvbnMvdXMtY2VudHJhbDEvZnVuY3Rpb25zL2FwaSoLCKGagtAGEKCsrF8yCG5vZGVqczIwOnYKI2djci5pby9nYWUtcnVudGltZXMvbm9kZWpzMjA6c3RhYmxlEk91cy1jZW50cmFsMS1kb2NrZXIucGtnLmRldi9zZXJ2ZXJsZXNzLXJ1bnRpbWVzL2dvb2dsZS0yMi1mdWxsL3J1bnRpbWVzL25vZGVqczIwQAE=","operationType":"UPDATE_FUNCTION","buildName":"projects/56120062930/locations/us-central1/builds/f39c2ca4-87b9-448f-be27-52cdf247763b"},"done":false}
[debug] [2026-05-10T13:50:25.938Z] Got source token ClZwcm9qZWN0cy81NjEyMDA2MjkzMC9sb2NhdGlvbnMvdXMtY2VudHJhbDEvYnVpbGRzL2YzOWMyY2E0LTg3YjktNDQ4Zi1iZTI3LTUyY2RmMjQ3NzYzYhJ3dXMtY2VudHJhbDEtZG9ja2VyLnBrZy5kZXYvY29udGV4dGxlbnMtYmFja2VuZC0wMDEvZ2NmLWFydGlmYWN0cy9jb250ZXh0bGVucy0tYmFja2VuZC0tMDAxX191cy0tY2VudHJhbDFfX2FwaTp2ZXJzaW9uXzEY0ueQiNEBIkRwcm9qZWN0cy9jb250ZXh0bGVucy1iYWNrZW5kLTAwMS9sb2NhdGlvbnMvdXMtY2VudHJhbDEvZnVuY3Rpb25zL2FwaSoLCKGagtAGEKCsrF8yCG5vZGVqczIwOnYKI2djci5pby9nYWUtcnVudGltZXMvbm9kZWpzMjA6c3RhYmxlEk91cy1jZW50cmFsMS1kb2NrZXIucGtnLmRldi9zZXJ2ZXJsZXNzLXJ1bnRpbWVzL2dvb2dsZS0yMi1mdWxsL3J1bnRpbWVzL25vZGVqczIwQAE= for region us-central1
[debug] [2026-05-10T13:50:35.948Z] [update-default-us-central1-api] Retrying task index 0
[debug] [2026-05-10T13:50:35.949Z] Checked if tokens are valid: true, expires at: 1778422817136
[debug] [2026-05-10T13:50:35.949Z] Checked if tokens are valid: true, expires at: 1778422817136
[debug] [2026-05-10T13:50:35.950Z] >>> [apiv2][query] GET https://cloudfunctions.googleapis.com/v2/projects/contextlens-backend-001/locations/us-central1/operations/operation-1778420968154-65176e6116591-ec1fd132-a1a39b84 [none]
[debug] [2026-05-10T13:50:37.496Z] <<< [apiv2][status] GET https://cloudfunctions.googleapis.com/v2/projects/contextlens-backend-001/locations/us-central1/operations/operation-1778420968154-65176e6116591-ec1fd132-a1a39b84 200
[debug] [2026-05-10T13:50:37.496Z] <<< [apiv2][body] GET https://cloudfunctions.googleapis.com/v2/projects/contextlens-backend-001/locations/us-central1/operations/operation-1778420968154-65176e6116591-ec1fd132-a1a39b84 {"name":"projects/contextlens-backend-001/locations/us-central1/operations/operation-1778420968154-65176e6116591-ec1fd132-a1a39b84","metadata":{"@type":"type.googleapis.com/google.cloud.functions.v2.OperationMetadata","createTime":"2026-05-10T13:49:28.911875668Z","target":"projects/contextlens-backend-001/locations/us-central1/functions/api","verb":"update","cancelRequested":false,"apiVersion":"v2","requestResource":{"@type":"type.googleapis.com/google.cloud.functions.v2.Function","name":"projects/contextlens-backend-001/locations/us-central1/functions/api","buildConfig":{"runtime":"nodejs20","entryPoint":"api","source":{"storageSource":{"bucket":"gcf-v2-sources-56120062930-us-central1","object":"api/function-source.zip","generation":"1778420968862192"}},"environmentVariables":{"GOOGLE_NODE_RUN_SCRIPTS":""},"dockerRepository":"projects/contextlens-backend-001/locations/us-central1/repositories/gcf-artifacts","sourceProvenance":{"resolvedStorageSource":{"bucket":"gcf-v2-sources-56120062930-us-central1","object":"api/function-source.zip","generation":"1778420859523089"}},"dockerRegistry":"ARTIFACT_REGISTRY","serviceAccount":"projects/contextlens-backend-001/serviceAccounts/56120062930-compute@developer.gserviceaccount.com","automaticUpdatePolicy":{}},"serviceConfig":{"service":"projects/contextlens-backend-001/locations/us-central1/services/api","timeoutSeconds":60,"environmentVariables":{"FIREBASE_CONFIG":"{\"projectId\":\"contextlens-backend-001\",\"storageBucket\":\"contextlens-backend-001.firebasestorage.app\"}","GCLOUD_PROJECT":"contextlens-backend-001","EVENTARC_CLOUD_EVENT_SOURCE":"projects/contextlens-backend-001/locations/REGION_TBD/services/api","FUNCTION_TARGET":"api","LOG_EXECUTION_ID":"true"},"ingressSettings":"ALLOW_ALL","serviceAccountEmail":"56120062930-compute@developer.gserviceaccount.com","availableMemory":"256Mi","maxInstanceRequestConcurrency":80,"availableCpu":"1"},"state":"FAILED","labels":{"firebase-functions-hash":"c8126fb3f5bb9b68236ce8bd620148f580ee411c"},"stateMessages":[{"severity":"ERROR","type":"CloudRunServiceNotFound","message":"Cloud Run service projects/contextlens-backend-001/locations/us-central1/services/api for the function was not found. The function will not work correctly. Please redeploy."}],"environment":"GEN_2","url":"https://us-central1-contextlens-backend-001.cloudfunctions.net/api","satisfiesPzi":true},"stages":[{"name":"BUILD","message":"Build finished","state":"COMPLETE","resource":"projects/56120062930/locations/us-central1/builds/f39c2ca4-87b9-448f-be27-52cdf247763b","resourceUri":"https://console.cloud.google.com/cloud-build/builds;region=us-central1/f39c2ca4-87b9-448f-be27-52cdf247763b?project=56120062930"},{"name":"SERVICE","message":"Updating Cloud Run service","state":"IN_PROGRESS","resource":"projects/contextlens-backend-001/locations/us-central1/services/api","resourceUri":"https://console.cloud.google.com/run/detail/us-central1/api?project=contextlens-backend-001","stateMessages":[{"severity":"WARNING","type":"CloudRunServiceRecreated","message":"Cloud Run service projects/contextlens-backend-001/locations/us-central1/services/api for the function was not found. The service was redeployed with default values."}]}],"sourceToken":"ClZwcm9qZWN0cy81NjEyMDA2MjkzMC9sb2NhdGlvbnMvdXMtY2VudHJhbDEvYnVpbGRzL2YzOWMyY2E0LTg3YjktNDQ4Zi1iZTI3LTUyY2RmMjQ3NzYzYhJ3dXMtY2VudHJhbDEtZG9ja2VyLnBrZy5kZXYvY29udGV4dGxlbnMtYmFja2VuZC0wMDEvZ2NmLWFydGlmYWN0cy9jb250ZXh0bGVucy0tYmFja2VuZC0tMDAxX191cy0tY2VudHJhbDFfX2FwaTp2ZXJzaW9uXzEY0ueQiNEBIkRwcm9qZWN0cy9jb250ZXh0bGVucy1iYWNrZW5kLTAwMS9sb2NhdGlvbnMvdXMtY2VudHJhbDEvZnVuY3Rpb25zL2FwaSoLCKGagtAGEKCsrF8yCG5vZGVqczIwOnYKI2djci5pby9nYWUtcnVudGltZXMvbm9kZWpzMjA6c3RhYmxlEk91cy1jZW50cmFsMS1kb2NrZXIucGtnLmRldi9zZXJ2ZXJsZXNzLXJ1bnRpbWVzL2dvb2dsZS0yMi1mdWxsL3J1bnRpbWVzL25vZGVqczIwQAE=","operationType":"UPDATE_FUNCTION","buildName":"projects/56120062930/locations/us-central1/builds/f39c2ca4-87b9-448f-be27-52cdf247763b"},"done":false}
[debug] [2026-05-10T13:50:37.496Z] Got source token ClZwcm9qZWN0cy81NjEyMDA2MjkzMC9sb2NhdGlvbnMvdXMtY2VudHJhbDEvYnVpbGRzL2YzOWMyY2E0LTg3YjktNDQ4Zi1iZTI3LTUyY2RmMjQ3NzYzYhJ3dXMtY2VudHJhbDEtZG9ja2VyLnBrZy5kZXYvY29udGV4dGxlbnMtYmFja2VuZC0wMDEvZ2NmLWFydGlmYWN0cy9jb250ZXh0bGVucy0tYmFja2VuZC0tMDAxX191cy0tY2VudHJhbDFfX2FwaTp2ZXJzaW9uXzEY0ueQiNEBIkRwcm9qZWN0cy9jb250ZXh0bGVucy1iYWNrZW5kLTAwMS9sb2NhdGlvbnMvdXMtY2VudHJhbDEvZnVuY3Rpb25zL2FwaSoLCKGagtAGEKCsrF8yCG5vZGVqczIwOnYKI2djci5pby9nYWUtcnVudGltZXMvbm9kZWpzMjA6c3RhYmxlEk91cy1jZW50cmFsMS1kb2NrZXIucGtnLmRldi9zZXJ2ZXJsZXNzLXJ1bnRpbWVzL2dvb2dsZS0yMi1mdWxsL3J1bnRpbWVzL25vZGVqczIwQAE= for region us-central1
[debug] [2026-05-10T13:50:47.500Z] [update-default-us-central1-api] Retrying task index 0
[debug] [2026-05-10T13:50:47.500Z] Checked if tokens are valid: true, expires at: 1778422817136
[debug] [2026-05-10T13:50:47.501Z] Checked if tokens are valid: true, expires at: 1778422817136
[debug] [2026-05-10T13:50:47.501Z] >>> [apiv2][query] GET https://cloudfunctions.googleapis.com/v2/projects/contextlens-backend-001/locations/us-central1/operations/operation-1778420968154-65176e6116591-ec1fd132-a1a39b84 [none]
[debug] [2026-05-10T13:50:49.025Z] <<< [apiv2][status] GET https://cloudfunctions.googleapis.com/v2/projects/contextlens-backend-001/locations/us-central1/operations/operation-1778420968154-65176e6116591-ec1fd132-a1a39b84 200
[debug] [2026-05-10T13:50:49.026Z] <<< [apiv2][body] GET https://cloudfunctions.googleapis.com/v2/projects/contextlens-backend-001/locations/us-central1/operations/operation-1778420968154-65176e6116591-ec1fd132-a1a39b84 {"name":"projects/contextlens-backend-001/locations/us-central1/operations/operation-1778420968154-65176e6116591-ec1fd132-a1a39b84","metadata":{"@type":"type.googleapis.com/google.cloud.functions.v2.OperationMetadata","createTime":"2026-05-10T13:49:28.911875668Z","target":"projects/contextlens-backend-001/locations/us-central1/functions/api","verb":"update","cancelRequested":false,"apiVersion":"v2","requestResource":{"@type":"type.googleapis.com/google.cloud.functions.v2.Function","name":"projects/contextlens-backend-001/locations/us-central1/functions/api","buildConfig":{"runtime":"nodejs20","entryPoint":"api","source":{"storageSource":{"bucket":"gcf-v2-sources-56120062930-us-central1","object":"api/function-source.zip","generation":"1778420968862192"}},"environmentVariables":{"GOOGLE_NODE_RUN_SCRIPTS":""},"dockerRepository":"projects/contextlens-backend-001/locations/us-central1/repositories/gcf-artifacts","sourceProvenance":{"resolvedStorageSource":{"bucket":"gcf-v2-sources-56120062930-us-central1","object":"api/function-source.zip","generation":"1778420859523089"}},"dockerRegistry":"ARTIFACT_REGISTRY","serviceAccount":"projects/contextlens-backend-001/serviceAccounts/56120062930-compute@developer.gserviceaccount.com","automaticUpdatePolicy":{}},"serviceConfig":{"service":"projects/contextlens-backend-001/locations/us-central1/services/api","timeoutSeconds":60,"environmentVariables":{"FIREBASE_CONFIG":"{\"projectId\":\"contextlens-backend-001\",\"storageBucket\":\"contextlens-backend-001.firebasestorage.app\"}","GCLOUD_PROJECT":"contextlens-backend-001","EVENTARC_CLOUD_EVENT_SOURCE":"projects/contextlens-backend-001/locations/REGION_TBD/services/api","FUNCTION_TARGET":"api","LOG_EXECUTION_ID":"true"},"ingressSettings":"ALLOW_ALL","serviceAccountEmail":"56120062930-compute@developer.gserviceaccount.com","availableMemory":"256Mi","maxInstanceRequestConcurrency":80,"availableCpu":"1"},"state":"FAILED","labels":{"firebase-functions-hash":"c8126fb3f5bb9b68236ce8bd620148f580ee411c"},"stateMessages":[{"severity":"ERROR","type":"CloudRunServiceNotFound","message":"Cloud Run service projects/contextlens-backend-001/locations/us-central1/services/api for the function was not found. The function will not work correctly. Please redeploy."}],"environment":"GEN_2","url":"https://us-central1-contextlens-backend-001.cloudfunctions.net/api","satisfiesPzi":true},"stages":[{"name":"BUILD","message":"Build finished","state":"COMPLETE","resource":"projects/56120062930/locations/us-central1/builds/f39c2ca4-87b9-448f-be27-52cdf247763b","resourceUri":"https://console.cloud.google.com/cloud-build/builds;region=us-central1/f39c2ca4-87b9-448f-be27-52cdf247763b?project=56120062930"},{"name":"SERVICE","message":"Updating Cloud Run service","state":"IN_PROGRESS","resource":"projects/contextlens-backend-001/locations/us-central1/services/api","resourceUri":"https://console.cloud.google.com/run/detail/us-central1/api?project=contextlens-backend-001","stateMessages":[{"severity":"WARNING","type":"CloudRunServiceRecreated","message":"Cloud Run service projects/contextlens-backend-001/locations/us-central1/services/api for the function was not found. The service was redeployed with default values."}]}],"sourceToken":"ClZwcm9qZWN0cy81NjEyMDA2MjkzMC9sb2NhdGlvbnMvdXMtY2VudHJhbDEvYnVpbGRzL2YzOWMyY2E0LTg3YjktNDQ4Zi1iZTI3LTUyY2RmMjQ3NzYzYhJ3dXMtY2VudHJhbDEtZG9ja2VyLnBrZy5kZXYvY29udGV4dGxlbnMtYmFja2VuZC0wMDEvZ2NmLWFydGlmYWN0cy9jb250ZXh0bGVucy0tYmFja2VuZC0tMDAxX191cy0tY2VudHJhbDFfX2FwaTp2ZXJzaW9uXzEY0ueQiNEBIkRwcm9qZWN0cy9jb250ZXh0bGVucy1iYWNrZW5kLTAwMS9sb2NhdGlvbnMvdXMtY2VudHJhbDEvZnVuY3Rpb25zL2FwaSoLCKGagtAGEKCsrF8yCG5vZGVqczIwOnYKI2djci5pby9nYWUtcnVudGltZXMvbm9kZWpzMjA6c3RhYmxlEk91cy1jZW50cmFsMS1kb2NrZXIucGtnLmRldi9zZXJ2ZXJsZXNzLXJ1bnRpbWVzL2dvb2dsZS0yMi1mdWxsL3J1bnRpbWVzL25vZGVqczIwQAE=","operationType":"UPDATE_FUNCTION","buildName":"projects/56120062930/locations/us-central1/builds/f39c2ca4-87b9-448f-be27-52cdf247763b"},"done":false}
[debug] [2026-05-10T13:50:49.027Z] Got source token ClZwcm9qZWN0cy81NjEyMDA2MjkzMC9sb2NhdGlvbnMvdXMtY2VudHJhbDEvYnVpbGRzL2YzOWMyY2E0LTg3YjktNDQ4Zi1iZTI3LTUyY2RmMjQ3NzYzYhJ3dXMtY2VudHJhbDEtZG9ja2VyLnBrZy5kZXYvY29udGV4dGxlbnMtYmFja2VuZC0wMDEvZ2NmLWFydGlmYWN0cy9jb250ZXh0bGVucy0tYmFja2VuZC0tMDAxX191cy0tY2VudHJhbDFfX2FwaTp2ZXJzaW9uXzEY0ueQiNEBIkRwcm9qZWN0cy9jb250ZXh0bGVucy1iYWNrZW5kLTAwMS9sb2NhdGlvbnMvdXMtY2VudHJhbDEvZnVuY3Rpb25zL2FwaSoLCKGagtAGEKCsrF8yCG5vZGVqczIwOnYKI2djci5pby9nYWUtcnVudGltZXMvbm9kZWpzMjA6c3RhYmxlEk91cy1jZW50cmFsMS1kb2NrZXIucGtnLmRldi9zZXJ2ZXJsZXNzLXJ1bnRpbWVzL2dvb2dsZS0yMi1mdWxsL3J1bnRpbWVzL25vZGVqczIwQAE= for region us-central1
[debug] [2026-05-10T13:50:59.035Z] [update-default-us-central1-api] Retrying task index 0
[debug] [2026-05-10T13:50:59.036Z] Checked if tokens are valid: true, expires at: 1778422817136
[debug] [2026-05-10T13:50:59.036Z] Checked if tokens are valid: true, expires at: 1778422817136
[debug] [2026-05-10T13:50:59.036Z] >>> [apiv2][query] GET https://cloudfunctions.googleapis.com/v2/projects/contextlens-backend-001/locations/us-central1/operations/operation-1778420968154-65176e6116591-ec1fd132-a1a39b84 [none]
[debug] [2026-05-10T13:51:00.356Z] <<< [apiv2][status] GET https://cloudfunctions.googleapis.com/v2/projects/contextlens-backend-001/locations/us-central1/operations/operation-1778420968154-65176e6116591-ec1fd132-a1a39b84 200
[debug] [2026-05-10T13:51:00.357Z] <<< [apiv2][body] GET https://cloudfunctions.googleapis.com/v2/projects/contextlens-backend-001/locations/us-central1/operations/operation-1778420968154-65176e6116591-ec1fd132-a1a39b84 {"name":"projects/contextlens-backend-001/locations/us-central1/operations/operation-1778420968154-65176e6116591-ec1fd132-a1a39b84","metadata":{"@type":"type.googleapis.com/google.cloud.functions.v2.OperationMetadata","createTime":"2026-05-10T13:49:28.911875668Z","endTime":"2026-05-10T13:50:49.328988151Z","target":"projects/contextlens-backend-001/locations/us-central1/functions/api","verb":"update","cancelRequested":false,"apiVersion":"v2","requestResource":{"@type":"type.googleapis.com/google.cloud.functions.v2.Function","name":"projects/contextlens-backend-001/locations/us-central1/functions/api","buildConfig":{"runtime":"nodejs20","entryPoint":"api","source":{"storageSource":{"bucket":"gcf-v2-sources-56120062930-us-central1","object":"api/function-source.zip","generation":"1778420968862192"}},"environmentVariables":{"GOOGLE_NODE_RUN_SCRIPTS":""},"dockerRepository":"projects/contextlens-backend-001/locations/us-central1/repositories/gcf-artifacts","sourceProvenance":{"resolvedStorageSource":{"bucket":"gcf-v2-sources-56120062930-us-central1","object":"api/function-source.zip","generation":"1778420859523089"}},"dockerRegistry":"ARTIFACT_REGISTRY","serviceAccount":"projects/contextlens-backend-001/serviceAccounts/56120062930-compute@developer.gserviceaccount.com","automaticUpdatePolicy":{}},"serviceConfig":{"service":"projects/contextlens-backend-001/locations/us-central1/services/api","timeoutSeconds":60,"environmentVariables":{"FIREBASE_CONFIG":"{\"projectId\":\"contextlens-backend-001\",\"storageBucket\":\"contextlens-backend-001.firebasestorage.app\"}","GCLOUD_PROJECT":"contextlens-backend-001","EVENTARC_CLOUD_EVENT_SOURCE":"projects/contextlens-backend-001/locations/REGION_TBD/services/api","FUNCTION_TARGET":"api","LOG_EXECUTION_ID":"true"},"ingressSettings":"ALLOW_ALL","serviceAccountEmail":"56120062930-compute@developer.gserviceaccount.com","availableMemory":"256Mi","maxInstanceRequestConcurrency":80,"availableCpu":"1"},"state":"FAILED","labels":{"firebase-functions-hash":"c8126fb3f5bb9b68236ce8bd620148f580ee411c"},"stateMessages":[{"severity":"ERROR","type":"CloudRunServiceNotFound","message":"Cloud Run service projects/contextlens-backend-001/locations/us-central1/services/api for the function was not found. The function will not work correctly. Please redeploy."}],"environment":"GEN_2","url":"https://us-central1-contextlens-backend-001.cloudfunctions.net/api","satisfiesPzi":true},"stages":[{"name":"BUILD","message":"Build finished","state":"COMPLETE","resource":"projects/56120062930/locations/us-central1/builds/f39c2ca4-87b9-448f-be27-52cdf247763b","resourceUri":"https://console.cloud.google.com/cloud-build/builds;region=us-central1/f39c2ca4-87b9-448f-be27-52cdf247763b?project=56120062930"},{"name":"SERVICE","message":"Updating Cloud Run service","state":"COMPLETE","resource":"projects/contextlens-backend-001/locations/us-central1/services/api","resourceUri":"https://console.cloud.google.com/run/detail/us-central1/api?project=contextlens-backend-001","stateMessages":[{"severity":"WARNING","type":"CloudRunServiceRecreated","message":"Cloud Run service projects/contextlens-backend-001/locations/us-central1/services/api for the function was not found. The service was redeployed with default values."}]}],"sourceToken":"ClZwcm9qZWN0cy81NjEyMDA2MjkzMC9sb2NhdGlvbnMvdXMtY2VudHJhbDEvYnVpbGRzL2YzOWMyY2E0LTg3YjktNDQ4Zi1iZTI3LTUyY2RmMjQ3NzYzYhJ3dXMtY2VudHJhbDEtZG9ja2VyLnBrZy5kZXYvY29udGV4dGxlbnMtYmFja2VuZC0wMDEvZ2NmLWFydGlmYWN0cy9jb250ZXh0bGVucy0tYmFja2VuZC0tMDAxX191cy0tY2VudHJhbDFfX2FwaTp2ZXJzaW9uXzEY0ueQiNEBIkRwcm9qZWN0cy9jb250ZXh0bGVucy1iYWNrZW5kLTAwMS9sb2NhdGlvbnMvdXMtY2VudHJhbDEvZnVuY3Rpb25zL2FwaSoLCKGagtAGEKCsrF8yCG5vZGVqczIwOnYKI2djci5pby9nYWUtcnVudGltZXMvbm9kZWpzMjA6c3RhYmxlEk91cy1jZW50cmFsMS1kb2NrZXIucGtnLmRldi9zZXJ2ZXJsZXNzLXJ1bnRpbWVzL2dvb2dsZS0yMi1mdWxsL3J1bnRpbWVzL25vZGVqczIwQAE=","operationType":"UPDATE_FUNCTION","buildName":"projects/56120062930/locations/us-central1/builds/f39c2ca4-87b9-448f-be27-52cdf247763b"},"done":true,"response":{"@type":"type.googleapis.com/google.cloud.functions.v2.Function","name":"projects/contextlens-backend-001/locations/us-central1/functions/api","buildConfig":{"build":"projects/56120062930/locations/us-central1/builds/f39c2ca4-87b9-448f-be27-52cdf247763b","runtime":"nodejs20","entryPoint":"api","source":{"storageSource":{"bucket":"gcf-v2-sources-56120062930-us-central1","object":"api/function-source.zip","generation":"1778420968862192"}},"environmentVariables":{"GOOGLE_NODE_RUN_SCRIPTS":""},"dockerRepository":"projects/contextlens-backend-001/locations/us-central1/repositories/gcf-artifacts","sourceProvenance":{"resolvedStorageSource":{"bucket":"gcf-v2-sources-56120062930-us-central1","object":"api/function-source.zip","generation":"1778420968862192"}},"dockerRegistry":"ARTIFACT_REGISTRY","serviceAccount":"projects/contextlens-backend-001/serviceAccounts/56120062930-compute@developer.gserviceaccount.com","automaticUpdatePolicy":{}},"serviceConfig":{"service":"projects/contextlens-backend-001/locations/us-central1/services/api","timeoutSeconds":60,"environmentVariables":{"FIREBASE_CONFIG":"{\"projectId\":\"contextlens-backend-001\",\"storageBucket\":\"contextlens-backend-001.firebasestorage.app\"}","GCLOUD_PROJECT":"contextlens-backend-001","EVENTARC_CLOUD_EVENT_SOURCE":"projects/contextlens-backend-001/locations/REGION_TBD/services/api","FUNCTION_TARGET":"api","LOG_EXECUTION_ID":"true"},"ingressSettings":"ALLOW_ALL","uri":"https://api-owekfjiota-uc.a.run.app","serviceAccountEmail":"56120062930-compute@developer.gserviceaccount.com","availableMemory":"256Mi","allTrafficOnLatestRevision":true,"revision":"api-00001-duk","maxInstanceRequestConcurrency":80,"availableCpu":"1"},"state":"ACTIVE","updateTime":"2026-05-10T13:49:28.914301008Z","labels":{"deployment-tool":"cli-firebase","firebase-functions-hash":"c8126fb3f5bb9b68236ce8bd620148f580ee411c"},"environment":"GEN_2","url":"https://us-central1-contextlens-backend-001.cloudfunctions.net/api","createTime":"2026-05-10T13:47:39.915632971Z","satisfiesPzi":true}}
[debug] [2026-05-10T13:51:00.357Z] Got source token ClZwcm9qZWN0cy81NjEyMDA2MjkzMC9sb2NhdGlvbnMvdXMtY2VudHJhbDEvYnVpbGRzL2YzOWMyY2E0LTg3YjktNDQ4Zi1iZTI3LTUyY2RmMjQ3NzYzYhJ3dXMtY2VudHJhbDEtZG9ja2VyLnBrZy5kZXYvY29udGV4dGxlbnMtYmFja2VuZC0wMDEvZ2NmLWFydGlmYWN0cy9jb250ZXh0bGVucy0tYmFja2VuZC0tMDAxX191cy0tY2VudHJhbDFfX2FwaTp2ZXJzaW9uXzEY0ueQiNEBIkRwcm9qZWN0cy9jb250ZXh0bGVucy1iYWNrZW5kLTAwMS9sb2NhdGlvbnMvdXMtY2VudHJhbDEvZnVuY3Rpb25zL2FwaSoLCKGagtAGEKCsrF8yCG5vZGVqczIwOnYKI2djci5pby9nYWUtcnVudGltZXMvbm9kZWpzMjA6c3RhYmxlEk91cy1jZW50cmFsMS1kb2NrZXIucGtnLmRldi9zZXJ2ZXJsZXNzLXJ1bnRpbWVzL2dvb2dsZS0yMi1mdWxsL3J1bnRpbWVzL25vZGVqczIwQAE= for region us-central1
[info] +  functions[api(us-central1)] Successful update operation. 
[debug] [2026-05-10T13:51:00.359Z] Total Function Deployment time: 92728
[debug] [2026-05-10T13:51:00.360Z] 1 Functions Deployed
[debug] [2026-05-10T13:51:00.360Z] 0 Functions Errored
[debug] [2026-05-10T13:51:00.360Z] 0 Function Deployments Aborted
[debug] [2026-05-10T13:51:00.360Z] Average Function Deployment time: 92727
[info] Function URL (api(us-central1)): https://api-owekfjiota-uc.a.run.app
[debug] [2026-05-10T13:51:00.361Z] Checked if tokens are valid: true, expires at: 1778422817136
[debug] [2026-05-10T13:51:00.361Z] Checked if tokens are valid: true, expires at: 1778422817136
[debug] [2026-05-10T13:51:00.361Z] >>> [apiv2][query] GET https://artifactregistry.googleapis.com/v1/projects/contextlens-backend-001/locations/us-central1/repositories/gcf-artifacts [none]
[debug] [2026-05-10T13:51:02.607Z] <<< [apiv2][status] GET https://artifactregistry.googleapis.com/v1/projects/contextlens-backend-001/locations/us-central1/repositories/gcf-artifacts 200
[debug] [2026-05-10T13:51:02.607Z] <<< [apiv2][body] GET https://artifactregistry.googleapis.com/v1/projects/contextlens-backend-001/locations/us-central1/repositories/gcf-artifacts {"name":"projects/contextlens-backend-001/locations/us-central1/repositories/gcf-artifacts","format":"DOCKER","description":"This repository is created and used by Cloud Functions for storing function docker images.","labels":{"goog-managed-by":"cloudfunctions"},"createTime":"2026-05-10T13:47:51.276659Z","updateTime":"2026-05-10T13:50:20.004518Z","mode":"STANDARD_REPOSITORY","sizeBytes":"100029431","vulnerabilityScanningConfig":{"lastEnableTime":"2026-05-10T13:47:40.117256548Z","enablementState":"SCANNING_DISABLED","enablementStateReason":"API containerscanning.googleapis.com is not enabled."},"satisfiesPzi":true,"registryUri":"us-central1-docker.pkg.dev/contextlens-backend-001/gcf-artifacts"}
[warn] !  functions: No cleanup policy detected for repositories in us-central1. This may result in a small monthly bill as container images accumulate over time. 
[info] i  functions: Configuring cleanup policy for repository in us-central1. Images older than 1 days will be automatically deleted. 
[debug] [2026-05-10T13:52:06.986Z] Setting up artifact cleanup policy for region us-central1
[debug] [2026-05-10T13:52:06.987Z] Checked if tokens are valid: true, expires at: 1778422817136
[debug] [2026-05-10T13:52:06.987Z] Checked if tokens are valid: true, expires at: 1778422817136
[debug] [2026-05-10T13:52:06.988Z] >>> [apiv2][query] PATCH https://artifactregistry.googleapis.com/v1/projects/contextlens-backend-001/locations/us-central1/repositories/gcf-artifacts updateMask=name%2CcleanupPolicies%2CcleanupPolicyDryRun%2Clabels
[debug] [2026-05-10T13:52:06.988Z] >>> [apiv2][body] PATCH https://artifactregistry.googleapis.com/v1/projects/contextlens-backend-001/locations/us-central1/repositories/gcf-artifacts {"name":"projects/contextlens-backend-001/locations/us-central1/repositories/gcf-artifacts","cleanupPolicies":{"firebase-functions-cleanup":{"id":"firebase-functions-cleanup","condition":{"tagState":"ANY","olderThan":"86400s"},"action":"DELETE"}},"cleanupPolicyDryRun":false,"labels":{"goog-managed-by":"cloudfunctions"}}
[debug] [2026-05-10T13:52:09.877Z] <<< [apiv2][status] PATCH https://artifactregistry.googleapis.com/v1/projects/contextlens-backend-001/locations/us-central1/repositories/gcf-artifacts 200
